optimizing 165 decks | field=165 | 3 games/pairing | cap=250 muts | 5 round(s) | workers=9
[r1   1/165     28s] ACCEPT Bouffalant's Wall                 53.9 ->  56.3  -1 Glastrier +1 Water Energy
[r1   2/165     51s] ACCEPT Rabbit Punch                      74.0 ->  75.6  -1 Water Energy +1 Lt. Surge's Bargain
[r1   3/165     75s]   ---- Tail Spin (Turbo)                 71.3 ->  70.9  
[r1   4/165     99s]   ---- Tail Spin (Grind)                 67.5 ->  67.5  
[r1   5/165    122s] ACCEPT Nurse Blissey                     61.8 ->  67.5  -1 Eiscue +1 Glass Trumpet
[r1   6/165    147s] ACCEPT Tenacious Tail                    39.8 ->  41.7  -1 Dudunsparce +1 Bubbly Water Energy
[r1   7/165    170s] ACCEPT Errand Runner                     60.4 ->  63.2  -1 Raboot +1 Professor Sada's Vitality
[r1   8/165    199s]   ---- Larry's Sleepover                 44.1 ->  44.9  
[r1   9/165    221s] ACCEPT Payback Worm                      57.9 ->  60.6  -1 Duraludon +1 Glass Trumpet
[r1  10/165    247s] ACCEPT Blood Moon Rising                 33.7 ->  40.4  -1 Water Energy +1 Glass Trumpet
[r1  11/165    267s] ACCEPT Sonic Wall                        47.2 ->  49.8  -1 Water Energy +1 Misty's Staryu
[r1  12/165    292s] ACCEPT Quick Draw                        28.9 ->  31.9  -1 Water Energy +1 Glass Trumpet
[r1  13/165    317s] ACCEPT Fresh Bite                        63.2 ->  64.2  -1 Glastrier +1 Cyrano
[r1  14/165    341s] ACCEPT Ball Lightning                    31.7 ->  33.5  -1 Glastrier +1 Professor's Research
[r1  15/165    363s] ACCEPT Great Swing                       77.6 ->  78.9  -1 Cinderace +1 Bubbly Water Energy
[r1  16/165    390s] ACCEPT Mirror Beak                       36.4 ->  42.9  -1 Glastrier +1 Lillie's Determination
[r1  17/165    409s] ACCEPT Cyclizar Splash                   54.9 ->  57.5  -1 Xerneas +1 Glass Trumpet
[r1  18/165    431s] ACCEPT Terapagos Bench-Scale             53.7 ->  55.3  -1 Glastrier +1 Grass Energy
[r1  19/165    460s] ACCEPT Bouffalant Herd                   75.8 ->  77.8  -1 Water Energy +1 Misty's Staryu
[r1  20/165    483s] ACCEPT Yveltal Soul Reap                 31.7 ->  36.2  -1 Darkness Energy +1 Glass Trumpet
[r1  21/165    504s] ACCEPT Okidogi Self-Poison Burst         40.0 ->  43.9  -1 Eternatus +1 Glass Trumpet
[r1  22/165    524s]   ---- Marnie's Punk Up Wheel            64.0 ->  64.0  
[r1  23/165    545s] ACCEPT Tyranitar Item-Lock Twins         55.1 ->  60.0  -1 Darkness Energy +1 Professor Sada's Vitality
[r1  24/165    566s] ACCEPT Scrafty Counterattack Wall        53.7 ->  55.5  -1 Darkness Energy +1 Glass Trumpet
[r1  25/165    588s] ACCEPT Krookodile Revenge Lockdown       42.1 ->  47.4  -1 Darkness Energy +1 Janine's Secret Art
[r1  26/165    613s]   ---- Clodsire Poison Lockdown          40.9 ->  41.7  
[r1  27/165    634s] ACCEPT Mandibuzz Bench Snipe             44.3 ->  47.2  -1 Darkness Energy +1 Crispin
[r1  28/165    656s] ACCEPT Hydreigon Basic Bounty            41.7 ->  45.1  -1 Eternatus +1 Crispin
[r1  29/165    675s] ACCEPT Sharpedo Glass Cannon             69.5 ->  70.7  -1 Darkness Energy +1 Kofu
[r1  30/165    695s]   ---- Marnie's Ex-Punisher              61.8 ->  62.2  
[r1  31/165    716s] ACCEPT Absol Hand-Rip Aggro              61.4 ->  65.0  -1 Darkness Energy +1 Crispin
[r1  32/165    738s] ACCEPT Munkidori Vanilla Beats           25.4 ->  29.1  -1 Eternatus +1 Janine's Secret Art
[r1  33/165    757s] ACCEPT Gust & Guarantee                  61.0 ->  63.6  -1 Throh +1 Jacinthe
[r1  34/165    776s] ACCEPT Stonewall Softener                61.8 ->  63.6  -1 Fighting Energy +1 N's PP Up
[r1  35/165    796s] ACCEPT Champion's Call                   60.0 ->  63.0  -1 Fighting Energy +1 Team Rocket's Archer
[r1  36/165    817s] ACCEPT Rock Battery                      47.8 ->  51.8  -1 Fighting Energy +1 Glass Trumpet
[r1  37/165    836s] ACCEPT Aura Overflow                     78.3 ->  81.9  -1 Bloodmoon Ursaluna +1 Mega Zygarde ex
[r1  38/165    856s] ACCEPT Drill & Snipe                     72.6 ->  74.4  -1 Stonjourner +1 Professor's Research
[r1  39/165    878s] ACCEPT Perfect Order Beatdown            76.0 ->  78.3  -1 Fighting Energy +1 Crispin
[r1  40/165    899s] ACCEPT Grudge Match                      54.3 ->  57.5  -1 Terrakion +1 Mega Zygarde ex
[r1  41/165    921s] ACCEPT Cornerstone Fortress              60.4 ->  66.1  -1 Sawk +1 Crispin
[r1  42/165    943s] ACCEPT Stuck in the Mud                  44.1 ->  48.0  -1 Fighting Energy +1 Glass Trumpet
[r1  43/165    964s] ACCEPT Bait the Boulder                  55.7 ->  58.9  -1 Fighting Energy +1 Professor Sada's Vitality
[r1  44/165    985s] ACCEPT Slow Burn                         66.1 ->  69.9  -1 Regirock +1 Rocky Fighting Energy
[r1  45/165   1007s] ACCEPT Tusk Stampede                     64.2 ->  67.1  -1 Stonjourner +1 Team Rocket's Archer
[r1  46/165   1028s] ACCEPT Coinflip Comeback                 52.6 ->  54.5  -1 Bloodmoon Ursaluna +1 Mega Zygarde ex
[r1  47/165   1048s] ACCEPT Mega Gallade Blitz                68.7 ->  70.5  -1 Throh +1 Harlequin
[r1  48/165   1069s] ACCEPT Koraidon Kaiser                   52.0 ->  54.3  -1 Stonjourner +1 Crispin
[r1  49/165   1089s] ACCEPT Wild Growth Overdrive             49.0 ->  51.8  -1 Grass Energy +1 Drasna
[r1  50/165   1108s] ACCEPT Erika's Garden Party              62.2 ->  63.8  -1 Grass Energy +1 Mist Energy
[r1  51/165   1129s] ACCEPT Forest March                      60.6 ->  65.4  -1 Teal Mask Ogerpon +1 Team Rocket's Archer
[r1  52/165   1150s] ACCEPT Spore Lock                        41.7 ->  44.7  -1 Grass Energy +1 Spiky Energy
[r1  53/165   1171s] ACCEPT Oil Salvo Sniper                  48.2 ->  49.8  -1 Wo-Chien +1 Glass Trumpet
[r1  54/165   1191s] ACCEPT Regal Cheer Aggro                 33.3 ->  37.4  -1 Grass Energy +1 Glass Trumpet
[r1  55/165   1212s]   ---- Solar Bank                        50.4 ->  50.8  
[r1  56/165   1232s] ACCEPT Swarm of the Hive                 51.6 ->  53.5  -1 Iron Leaves +1 Virizion
[r1  57/165   1252s] ACCEPT Buzzing Boost Shuttle             43.9 ->  48.6  -1 Wo-Chien +1 Glass Trumpet
[r1  58/165   1272s] ACCEPT Juggernaut Wall                   67.3 ->  69.9  -1 Chespin +1 Lt. Surge's Bargain
[r1  59/165   1293s] ACCEPT Energy Gift Express               16.1 ->  21.3  -1 Chikorita +1 Professor Sada's Vitality
[r1  60/165   1313s] ACCEPT Arrow of Denial                   39.2 ->  42.3  -1 Grass Energy +1 Glass Trumpet
[r1  61/165   1334s] ACCEPT Rapid Vernier Nova                34.3 ->  40.2  -1 Grass Energy +1 Glass Trumpet
[r1  62/165   1357s] ACCEPT Bottom-Deck Gambit                51.0 ->  53.0  -1 Grass Energy +1 Glass Trumpet
[r1  63/165   1376s] ACCEPT Steeped Discard                   50.2 ->  52.6  -1 Maractus +1 Glass Trumpet
[r1  64/165   1396s] ACCEPT Vengeful Attrition                48.4 ->  50.6  -1 Wo-Chien +1 Glass Trumpet
[r1  65/165   1415s] ACCEPT Mega Meganium Bouquet             56.7 ->  59.1  -1 Grass Energy +1 Glass Trumpet
[r1  66/165   1436s] ACCEPT Hydrapple Syrup Storm             48.2 ->  51.4  -1 Grass Energy +1 Glass Trumpet
[r1  67/165   1455s] ACCEPT Bench Fortress                    65.0 ->  68.1  -1 Carnivine +1 Energy Retrieval
[r1  68/165   1484s] ACCEPT Eelektrik Recursion               70.7 ->  73.2  -1 Lightning Energy +1 Glass Trumpet
[r1  69/165   1510s] ACCEPT Overvolt Overload                 78.0 ->  79.5  -1 Lightning Energy +1 Mist Energy
[r1  70/165   1542s] ACCEPT Iono's Streamer                   60.0 ->  62.8  -1 Lightning Energy +1 N's PP Up
[r1  71/165   1572s] ACCEPT Manectric Aggro                   65.0 ->  71.1  -1 Thundurus +1 Zapdos
[r1  72/165   1606s] ACCEPT Luxray Nuke                       71.3 ->  74.4  -1 Luxray +1 Miraidon
[r1  73/165   1631s] ACCEPT Iron Thorns Lock                  67.1 ->  69.1  -1 Thundurus +1 Zapdos
[r1  74/165   1658s]   ---- Kilowattrel Pivot                 76.6 ->  76.8  
[r1  75/165   1687s] ACCEPT Hop's Pincurchin                  55.5 ->  60.4  -1 Raikou +1 Zapdos
[r1  76/165   1712s] ACCEPT Tapu Koko Swarm                   65.7 ->  69.9  -1 Miraidon +1 Drasna
[r1  77/165   1741s] ACCEPT Zekrom Comeback                   73.4 ->  75.8  -1 Lightning Energy +1 Mist Energy
[r1  78/165   1771s] ACCEPT Rotom Tool                        64.0 ->  66.1  -1 Lightning Energy +1 Glass Trumpet
[r1  79/165   1798s] ACCEPT Miraidon Hadron                   68.5 ->  70.5  -1 Psychic Energy +1 Lillie's Determination
[r1  80/165   1814s] ACCEPT Steven's Steel Sanctuary          52.0 ->  58.3  -1 Klinklang +1 Iron Boulder
[r1  81/165   1836s] ACCEPT Alloy Bulwark                     46.7 ->  48.8  -1 Metal Energy +1 Rosa's Encouragement
[r1  82/165   1857s] ACCEPT Regi-Charge Attrition             58.7 ->  59.8  -1 Duraludon +1 Glass Trumpet
[r1  83/165   1878s] ACCEPT Emperor's Stance Wall             47.4 ->  50.4  -1 Mawile +1 Carmine
[r1  84/165   1900s] ACCEPT Alloy Overdrive                   46.7 ->  48.6  -1 Metal Energy +1 Glass Trumpet
[r1  85/165   1919s] ACCEPT Bench Battery                     63.6 ->  66.3  -1 Metal Energy +1 Glass Trumpet
[r1  86/165   1940s] ACCEPT Hop's Champion Rush               35.4 ->  40.4  -1 Metal Energy +1 Crispin
[r1  87/165   1963s] ACCEPT Steel Armament Blitz              24.6 ->  29.3  -1 Duraludon +1 Harlequin
[r1  88/165   1985s] ACCEPT Metallic Signal Toolbox           45.5 ->  48.2  -1 Duraludon +1 Glass Trumpet
[r1  89/165   2007s] ACCEPT Chrono Draw Engine                31.7 ->  34.1  -1 Metal Energy +1 Professor Sada's Vitality
[r1  90/165   2028s] ACCEPT Prize Snowball                    63.8 ->  68.7  -1 Duraludon +1 Glass Trumpet
[r1  91/165   2049s]   ---- Static Cling Combo                29.1 ->  29.3  
[r1  92/165   2070s] ACCEPT Cinderace Snipe                   50.0 ->  53.7  -1 Cinderace +1 Mega Zygarde ex
[r1  93/165   2089s] ACCEPT Salamence Splash                  46.5 ->  52.0  -1 Kyogre +1 Bubbly Water Energy
[r1  94/165   2113s] ACCEPT Galvantula Item-Lock              59.8 ->  64.6  -1 Raikou +1 Rocky Fighting Energy
[r1  95/165   2132s] ACCEPT Alolan Exeggutor KO-Flip          54.5 ->  58.7  -1 Tapu Bulu +1 Bubbly Water Energy
[r1  96/165   2158s] ACCEPT Miraidon Future                   69.3 ->  73.6  -1 Iron Thorns +1 Telepathic Psychic Energy
[r1  97/165   2175s] ACCEPT Flygon Anti-Ex                    59.1 ->  62.0  -1 Rhyperior +1 Rocky Fighting Energy
[r1  98/165   2195s] ACCEPT Mega Dragalge Poison              67.3 ->  71.1  -1 Eternatus +1 Poké Ball
[r1  99/165   2214s] ACCEPT Palossand Control                 51.0 ->  54.5  -1 Alakazam +1 Iron Boulder
[r1 100/165   2233s] ACCEPT Tatsugiri Toolbox                 33.7 ->  37.2  -1 Heatmor +1 Rosa's Encouragement
[r1 101/165   2260s] ACCEPT Mega Latias Nuke                  63.6 ->  66.1  -1 Volcanion +1 Lillie's Determination
[r1 102/165   2282s] ACCEPT Mega Skarmory Snipe                6.9 ->   8.5  -1 Pawniard +1 Professor Sada's Vitality
[r1 103/165   2303s] ACCEPT Revavroom Hit-and-Run             49.4 ->  52.6  -1 Duraludon +1 Carmine
[r1 104/165   2327s] ACCEPT Scizor Flex                       39.2 ->  42.3  -1 Onix +1 Professor Sada's Vitality
[r1 105/165   2348s] ACCEPT Melmetal Axe                      35.4 ->  41.3  -1 Metal Energy +1 Professor Sada's Vitality
[r1 106/165   2370s] ACCEPT Metal Maker Ramp                  27.8 ->  32.5  -1 Klink +1 Glass Trumpet
[r1 107/165   2393s] ACCEPT Symphonia Flood                   48.0 ->  51.0  -1 Psychic Energy +1 Rosa's Encouragement
[r1 108/165   2412s] ACCEPT Warded Symphonia                  50.4 ->  53.5  -1 Alakazam +1 Iron Boulder
[r1 109/165   2432s] ACCEPT Scattergun Ward                   53.0 ->  54.7  -1 Eternatus +1 Psychic Energy
[r1 110/165   2450s] ACCEPT Cobalt Crossfire                  15.4 ->  17.7  -1 Xerneas +1 Glass Trumpet
[r1 111/165   2469s] ACCEPT Waltz of Whispers                 55.9 ->  57.9  -1 Psychic Energy +1 Glass Trumpet
[r1 112/165   2490s]   ---- Deep Prison                       55.5 ->  56.3  
[r1 113/165   2512s] ACCEPT Fairy-Slayer                      48.2 ->  54.1  -1 Iron Valiant +1 Glass Trumpet
[r1 114/165   2534s] ACCEPT Full Hand Nova                    51.2 ->  56.7  -1 Iron Valiant +1 Professor Sada's Vitality
[r1 115/165   2552s] ACCEPT Curtain-Riser                     50.0 ->  53.0  -1 Psychic Energy +1 Glass Trumpet
[r1 116/165   2572s] ACCEPT Silent Scream                     22.6 ->  26.8  -1 Iron Valiant +1 Glass Trumpet
[r1 117/165   2590s] ACCEPT Sweet Stall                       39.0 ->  46.5  -1 Iron Valiant +1 Mr. Mime
[r1 118/165   2614s] ACCEPT Detonation Coat                   60.4 ->  65.4  -1 Psychic Energy +1 Rosa's Encouragement
[r1 119/165   2633s] ACCEPT Coin-Flip Reaper                  26.8 ->  30.3  -1 Psychic Energy +1 Rosa's Encouragement
[r1 120/165   2654s]   ---- Mercy for All                     54.5 ->  55.3  
[r1 121/165   2672s] ACCEPT Battle-Scarred Bench              70.9 ->  73.2  -1 Xerneas +1 TM Machine
[r1 122/165   2693s] ACCEPT Flutter Lock                      57.1 ->  61.8  -1 Flutter Mane +1 Iron Boulder
[r1 123/165   2712s] ACCEPT Bubble Balloon                    45.7 ->  50.6  -1 Spectrier +1 Iron Boulder
[r1 124/165   2735s] ACCEPT Burn Engine                       57.7 ->  61.2  -1 Heatmor +1 Team Rocket's Archer
[r1 125/165   2754s] ACCEPT Ethan's Turbo                     53.0 ->  54.1  -1 Fire Energy +1 Crispin
[r1 126/165   2773s] ACCEPT Emboar Overload                   45.3 ->  50.0  -1 Heatmor +1 Rosa's Encouragement
[r1 127/165   2793s] ACCEPT Pyroar Wall                       50.6 ->  54.3  -1 Fire Energy +1 Harlequin
[r1 128/165   2812s]   ---- Volcanion Spread-Burn             59.1 ->  59.6  
[r1 129/165   2833s] ACCEPT Reshiram Comeback                 61.2 ->  63.2  -1 Fire Energy +1 Rosa's Encouragement
[r1 130/165   2856s] ACCEPT Incineroar Bench-Punish           44.7 ->  47.8  -1 Volcanion +1 Glass Trumpet
[r1 131/165   2876s]   ---- Salazzle Toolbox                  52.2 ->  52.6  
[r1 132/165   2898s] ACCEPT Hearthflame Anti-Evolution        26.6 ->  30.5  -1 Fire Energy +1 Crispin
[r1 133/165   2917s] ACCEPT Magcargo Mill-Burn                47.6 ->  49.8  -1 Heatmor +1 Crispin
[r1 134/165   2935s] ACCEPT Scovillain Rage                   57.7 ->  61.4  -1 Fire Energy +1 Kofu
[r1 135/165   2955s] ACCEPT Gouging Fire Pivot                59.3 ->  63.2  -1 Throh +1 Carmine
[r1 136/165   2973s] ACCEPT Oricorio Support-Trap             22.6 ->  27.0  -1 Heatmor +1 Glass Trumpet
[r1 137/165   2993s] ACCEPT Reshiram Fire Wing                67.3 ->  68.9  -1 Fire Energy +1 Kofu
[r1 138/165   3011s] ACCEPT Retaliation Burn                  44.3 ->  48.8  -1 Iron Moth +1 Professor Sada's Vitality
[r1 139/165   3032s] ACCEPT TR Spread                         47.6 ->  49.8  -1 Team Rocket's Sneasel +1 Mega Zygarde ex
[r1 140/165   3050s]   ---- TR Nido Family                    57.9 ->  56.9  
[r1 141/165   3071s] ACCEPT TR Persian Copycat                55.9 ->  59.3  -1 Darkness Energy +1 Team Rocket's Ekans
[r1 142/165   3089s] ACCEPT TR Rocket Rush Swarm              45.3 ->  49.0  -1 Darkness Energy +1 Eternatus
[r1 143/165   3109s] ACCEPT TR Condition Stack                56.1 ->  58.3  -1 Iron Valiant +1 Team Rocket's Archer
[r1 144/165   3130s] ACCEPT TR Disruption Lock                62.0 ->  64.0  -1 Team Rocket's Sneasel +1 Fezandipiti
[r1 145/165   3153s] ACCEPT TR Moltres Removal                54.1 ->  56.1  -1 Darkness Energy +1 Earthen Vessel
[r1 146/165   3174s] ACCEPT Starmie Jetstream Rush            76.2 ->  79.7  -1 Water Energy +1 Drasna
[r1 147/165   3205s] ACCEPT Croconaw Chip, Mega Crunch        68.3 ->  69.9  -1 Feraligatr +1 Bubbly Water Energy
[r1 148/165   3227s] ACCEPT Starmie Tundra Fortress           67.9 ->  72.0  -1 Basculin +1 Team Rocket's Archer
[r1 149/165   3254s] ACCEPT Samurott's Ambush                 34.3 ->  36.8  -1 Glastrier +1 Water Energy
[r1 150/165   3283s] ACCEPT Frozen Fortress                   42.5 ->  48.6  -1 Glastrier +1 Cyrano
[r1 151/165   3307s] ACCEPT Hydro Turn Hit-and-Run            32.5 ->  35.8  -1 Eiscue +1 Rosa's Encouragement
[r1 152/165   3333s] ACCEPT Deep Current Overload             51.4 ->  57.9  -1 Articuno +1 Glass Trumpet
[r1 153/165   3356s] ACCEPT Serene Slumber                    29.9 ->  36.8  -1 Basculin +1 Professor Sada's Vitality
[r1 154/165   3382s] ACCEPT Purge and Plunder                 37.2 ->  47.0  -1 Kyogre +1 Bubbly Water Energy
[r1 155/165   3412s] ACCEPT Misty's Deep Freeze               26.0 ->  31.5  -1 Glastrier +1 Professor Sada's Vitality
[r1 156/165   3438s] ACCEPT Avalanche Flood                   64.0 ->  68.3  -1 Kyogre +1 Bubbly Water Energy
[r1 157/165   3460s] ACCEPT Wellspring Reload                 30.7 ->  35.0  -1 Eiscue +1 Crispin
[r1 158/165   3485s] ACCEPT Dondozo's Gambit                  39.8 ->  43.9  -1 Articuno +1 Professor Sada's Vitality
[r1 159/165   3509s] ACCEPT Paradox Sandman                   25.0 ->  29.1  -1 Articuno +1 Glass Trumpet
[r1 160/165   3532s] ACCEPT Prize Blizzard                    41.1 ->  45.5  -1 Eiscue +1 Glass Trumpet
[r1 161/165   3556s] ACCEPT Frostbite Recoil                  33.3 ->  40.0  -1 Eiscue +1 Rosa's Encouragement
[r1 162/165   3582s] ACCEPT Tricolor Burst — Experimental     49.2 ->  51.8  -1 Glastrier +1 Boss's Orders
[r1 163/165   3609s] ACCEPT Zero to Hero                      46.1 ->  51.4  -1 Water Energy +1 Glass Trumpet
[r1 164/165   3632s] ACCEPT Wash Out Current                  70.9 ->  74.8  -1 Water Energy +1 Harlequin
[r1 165/165   3657s] ACCEPT Vibrant Wall                      38.0 ->  43.9  -1 Keldeo +1 Glass Trumpet
=== round 1 done: 151 changes | top: Starmie Jetstream Rush 79.07% | median 52.44% ===
[r2   1/165   3701s] ACCEPT Bouffalant's Wall                 50.0 ->  54.5  -1 Eiscue +1 Jacinthe
[r2   2/165   3726s] ACCEPT Rabbit Punch                      71.1 ->  72.6  -1 Glastrier +1 Night Stretcher
[r2   3/165   3750s] ACCEPT Tail Spin (Turbo)                 65.2 ->  68.3  -1 Water Energy +1 Drasna
[r2   4/165   3773s] ACCEPT Tail Spin (Grind)                 63.8 ->  66.3  -1 Eiscue +1 Jacinthe
[r2   5/165   3795s]   ---- Nurse Blissey                     64.4 ->  64.4  
[r2   6/165   3820s] ACCEPT Tenacious Tail                    35.8 ->  40.9  -1 Water Energy +1 Jacinthe
[r2   7/165   3844s] ACCEPT Errand Runner                     58.9 ->  62.4  -1 Keldeo +1 Glass Trumpet
[r2   8/165   3873s] ACCEPT Larry's Sleepover                 37.2 ->  38.2  -1 Basculin +1 Spiky Energy
[r2   9/165   3894s] ACCEPT Payback Worm                      56.7 ->  57.9  -1 Metal Energy +1 Boss's Orders
[r2  10/165   3920s] ACCEPT Blood Moon Rising                 34.6 ->  35.6  -1 Eiscue +1 Professor Sada's Vitality
[r2  11/165   3942s]   ---- Sonic Wall                        44.3 ->  44.5  
[r2  12/165   3967s] ACCEPT Quick Draw                        26.4 ->  31.3  -1 Raboot +1 Dragon Elixir
[r2  13/165   3992s] ACCEPT Fresh Bite                        59.1 ->  62.2  -1 Glastrier +1 Ultra Ball
[r2  14/165   4017s] ACCEPT Ball Lightning                    27.0 ->  31.9  -1 Glastrier +1 N's PP Up
[r2  15/165   4037s] ACCEPT Great Swing                       74.6 ->  78.0  -1 Water Energy +1 Team Rocket's Archer
[r2  16/165   4064s] ACCEPT Mirror Beak                       34.8 ->  41.3  -1 Glastrier +1 Rosa's Encouragement
[r2  17/165   4083s] ACCEPT Cyclizar Splash                   55.3 ->  58.7  -1 Volcanion +1 Cyrano
[r2  18/165   4106s] ACCEPT Terapagos Bench-Scale             49.8 ->  55.5  -1 Togekiss +1 Bubbly Water Energy
[r2  19/165   4137s] ACCEPT Bouffalant Herd                   74.0 ->  78.5  -1 Glastrier +1 N's PP Up
[r2  20/165   4159s] ACCEPT Yveltal Soul Reap                 33.7 ->  34.8  -1 Darkness Energy +1 Earthen Vessel
[r2  21/165   4180s] ACCEPT Okidogi Self-Poison Burst         38.8 ->  42.3  -1 Darkness Energy +1 Jacinthe
[r2  22/165   4199s] ACCEPT Marnie's Punk Up Wheel            58.9 ->  61.2  -1 Toxtricity +1 Roaring Moon
[r2  23/165   4221s] ACCEPT Tyranitar Item-Lock Twins         54.3 ->  58.3  -1 Darkness Energy +1 Glass Trumpet
[r2  24/165   4242s] ACCEPT Scrafty Counterattack Wall        52.2 ->  55.5  -1 Darkness Energy +1 Jacinthe
[r2  25/165   4264s] ACCEPT Krookodile Revenge Lockdown       41.3 ->  45.9  -1 Darkness Energy +1 Glass Trumpet
[r2  26/165   4288s] ACCEPT Clodsire Poison Lockdown          36.4 ->  38.2  -1 Darkness Energy +1 Glass Trumpet
[r2  27/165   4309s] ACCEPT Mandibuzz Bench Snipe             42.9 ->  48.2  -1 Eternatus +1 Jacinthe
[r2  28/165   4330s] ACCEPT Hydreigon Basic Bounty            42.5 ->  45.7  -1 Darkness Energy +1 Glass Trumpet
[r2  29/165   4350s] ACCEPT Sharpedo Glass Cannon             67.7 ->  70.3  -1 Darkness Energy +1 Glass Trumpet
[r2  30/165   4369s] ACCEPT Marnie's Ex-Punisher              54.3 ->  59.1  -1 Eternatus +1 Harlequin
[r2  31/165   4390s] ACCEPT Absol Hand-Rip Aggro              61.6 ->  64.0  -1 Darkness Energy +1 Jacinthe
[r2  32/165   4411s] ACCEPT Munkidori Vanilla Beats           27.0 ->  30.5  -1 Darkness Energy +1 Crispin
[r2  33/165   4431s] ACCEPT Gust & Guarantee                  60.4 ->  66.3  -1 Landorus +1 Mega Zygarde ex
[r2  34/165   4450s] ACCEPT Stonewall Softener                60.6 ->  63.8  -1 Fighting Energy +1 Powerglass
[r2  35/165   4470s] ACCEPT Champion's Call                   57.9 ->  63.2  -1 Landorus +1 Mega Zygarde ex
[r2  36/165   4491s] ACCEPT Rock Battery                      49.0 ->  54.7  -1 Fighting Energy +1 Glass Trumpet
[r2  37/165   4510s] ACCEPT Aura Overflow                     77.6 ->  81.1  -1 Sawk +1 Harlequin
[r2  38/165   4529s] ACCEPT Drill & Snipe                     66.1 ->  70.5  -1 Stonjourner +1 Crispin
[r2  39/165   4551s] ACCEPT Perfect Order Beatdown            77.2 ->  78.7  -1 Fighting Energy +1 Professor's Research
[r2  40/165   4571s] ACCEPT Grudge Match                      54.3 ->  57.9  -1 Solrock +1 Glass Trumpet
[r2  41/165   4592s] ACCEPT Cornerstone Fortress              61.2 ->  65.2  -1 Flygon +1 Mega Zygarde ex
[r2  42/165   4613s] ACCEPT Stuck in the Mud                  43.7 ->  47.0  -1 Landorus +1 Rocky Fighting Energy
[r2  43/165   4634s] ACCEPT Bait the Boulder                  52.6 ->  57.1  -1 Throh +1 Jacinthe
[r2  44/165   4654s] ACCEPT Slow Burn                         63.6 ->  68.5  -1 Solrock +1 TM Machine
[r2  45/165   4676s] ACCEPT Tusk Stampede                     62.8 ->  66.9  -1 Landorus +1 Rocky Fighting Energy
[r2  46/165   4697s] ACCEPT Coinflip Comeback                 51.4 ->  57.5  -1 Fighting Energy +1 Glass Trumpet
[r2  47/165   4717s] ACCEPT Mega Gallade Blitz                72.0 ->  73.8  -1 Solrock +1 Carmine
[r2  48/165   4738s] ACCEPT Koraidon Kaiser                   51.8 ->  59.3  -1 Regirock +1 Mega Zygarde ex
[r2  49/165   4758s]   ---- Wild Growth Overdrive             49.8 ->  50.4  
[r2  50/165   4776s] ACCEPT Erika's Garden Party              64.4 ->  67.1  -1 Grass Energy +1 Night Stretcher
[r2  51/165   4797s] ACCEPT Forest March                      63.4 ->  68.7  -1 Teal Mask Ogerpon +1 Tyme
[r2  52/165   4817s] ACCEPT Spore Lock                        38.8 ->  42.5  -1 Teal Mask Ogerpon +1 Poké Ball
[r2  53/165   4837s] ACCEPT Oil Salvo Sniper                  50.0 ->  51.8  -1 Wo-Chien +1 Glass Trumpet
[r2  54/165   4857s] ACCEPT Regal Cheer Aggro                 36.8 ->  40.4  -1 Grass Energy +1 Glass Trumpet
[r2  55/165   4878s] ACCEPT Solar Bank                        48.2 ->  49.4  -1 Wo-Chien +1 Grass Energy
[r2  56/165   4898s] ACCEPT Swarm of the Hive                 49.6 ->  51.6  -1 Virizion +1 Growing Grass Energy
[r2  57/165   4918s] ACCEPT Buzzing Boost Shuttle             46.1 ->  49.2  -1 Wo-Chien +1 Rosa's Encouragement
[r2  58/165   4938s] ACCEPT Juggernaut Wall                   64.4 ->  69.1  -1 Carnivine +1 Rosa's Encouragement
[r2  59/165   4959s] ACCEPT Energy Gift Express               19.1 ->  21.5  -1 Teal Mask Ogerpon +1 Rosa's Encouragement
[r2  60/165   4978s] ACCEPT Arrow of Denial                   41.7 ->  45.7  -1 Grass Energy +1 Team Rocket's Archer
[r2  61/165   4999s] ACCEPT Rapid Vernier Nova                35.2 ->  38.4  -1 Virizion +1 Glass Trumpet
[r2  62/165   5022s] ACCEPT Bottom-Deck Gambit                51.0 ->  53.5  -1 Grass Energy +1 Jacinthe
[r2  63/165   5040s] ACCEPT Steeped Discard                   50.4 ->  54.3  -1 Grass Energy +1 Energy Coin
[r2  64/165   5060s] ACCEPT Vengeful Attrition                48.4 ->  51.6  -1 Grass Energy +1 Glass Trumpet
[r2  65/165   5079s] ACCEPT Mega Meganium Bouquet             58.7 ->  60.8  -1 Grass Energy +1 Team Rocket's Archer
[r2  66/165   5099s] ACCEPT Hydrapple Syrup Storm             50.8 ->  56.1  -1 Tapu Bulu +1 Growing Grass Energy
[r2  67/165   5119s] ACCEPT Bench Fortress                    63.2 ->  66.9  -1 Wo-Chien +1 Grass Energy
[r2  68/165   5147s] ACCEPT Eelektrik Recursion               66.1 ->  69.1  -1 Zeraora +1 Drasna
[r2  69/165   5172s] ACCEPT Overvolt Overload                 74.4 ->  78.3  -1 Raikou +1 Zapdos
[r2  70/165   5204s] ACCEPT Iono's Streamer                   57.7 ->  60.2  -1 Lightning Energy +1 Jacinthe
[r2  71/165   5235s] ACCEPT Manectric Aggro                   68.1 ->  69.7  -1 Zeraora +1 Togedemaru
[r2  72/165   5269s] ACCEPT Luxray Nuke                       68.5 ->  73.8  -1 Zeraora +1 Drasna
[r2  73/165   5294s] ACCEPT Iron Thorns Lock                  64.4 ->  70.5  -1 Iron Thorns +1 Zapdos
[r2  74/165   5322s] ACCEPT Kilowattrel Pivot                 71.5 ->  72.8  -1 Raikou +1 Zapdos
[r2  75/165   5351s] ACCEPT Hop's Pincurchin                  56.5 ->  60.6  -1 Togedemaru +1 Glass Trumpet
[r2  76/165   5377s] ACCEPT Tapu Koko Swarm                   64.2 ->  69.1  -1 Tapu Koko +1 Zapdos
[r2  77/165   5406s] ACCEPT Zekrom Comeback                   73.0 ->  75.6  -1 Lightning Energy +1 Lacey
[r2  78/165   5436s] ACCEPT Rotom Tool                        57.7 ->  61.2  -1 Lightning Energy +1 Glass Trumpet
[r2  79/165   5463s] ACCEPT Miraidon Hadron                   66.5 ->  68.7  -1 Lightning Energy +1 Lillie's Determination
[r2  80/165   5479s] ACCEPT Steven's Steel Sanctuary          55.1 ->  60.2  -1 Kingambit +1 Iron Boulder
[r2  81/165   5500s] ACCEPT Alloy Bulwark                     48.8 ->  49.8  -1 Metal Energy +1 Rosa's Encouragement
[r2  82/165   5521s] ACCEPT Regi-Charge Attrition             57.1 ->  62.4  -1 Metal Energy +1 Glass Trumpet
[r2  83/165   5543s] ACCEPT Emperor's Stance Wall             47.8 ->  50.4  -1 Mawile +1 Glass Trumpet
[r2  84/165   5565s] ACCEPT Alloy Overdrive                   49.6 ->  52.8  -1 Registeel +1 Philippe
[r2  85/165   5585s] ACCEPT Bench Battery                     63.6 ->  66.7  -1 Metal Energy +1 Philippe
[r2  86/165   5606s] ACCEPT Hop's Champion Rush               36.4 ->  40.4  -1 Mawile +1 Carmine
[r2  87/165   5629s] ACCEPT Steel Armament Blitz              27.6 ->  31.1  -1 Duraludon +1 Rosa's Encouragement
[r2  88/165   5651s] ACCEPT Metallic Signal Toolbox           44.9 ->  48.6  -1 Mawile +1 Jacinthe
[r2  89/165   5673s] ACCEPT Chrono Draw Engine                31.1 ->  35.6  -1 Metal Energy +1 Crispin
[r2  90/165   5694s] ACCEPT Prize Snowball                    64.6 ->  69.5  -1 Duraludon +1 Team Rocket's Archer
[r2  91/165   5715s] ACCEPT Static Cling Combo                24.6 ->  27.2  -1 Registeel +1 Glass Trumpet
[r2  92/165   5735s] ACCEPT Cinderace Snipe                   52.2 ->  59.1  -1 Sawk +1 Glass Trumpet
[r2  93/165   5753s] ACCEPT Salamence Splash                  49.8 ->  54.1  -1 Fire Energy +1 Harlequin
[r2  94/165   5776s] ACCEPT Galvantula Item-Lock              63.0 ->  67.9  -1 Landorus +1 Rocky Fighting Energy
[r2  95/165   5795s] ACCEPT Alolan Exeggutor KO-Flip          58.9 ->  61.8  -1 Grass Energy +1 Tera Orb
[r2  96/165   5819s] ACCEPT Miraidon Future                   70.5 ->  73.6  -1 Lightning Energy +1 Rosa's Encouragement
[r2  97/165   5837s] ACCEPT Flygon Anti-Ex                    60.6 ->  64.8  -1 Sawk +1 Team Rocket's Archer
[r2  98/165   5857s]   ---- Mega Dragalge Poison              68.3 ->  68.9  
[r2  99/165   5876s] ACCEPT Palossand Control                 53.9 ->  55.3  -1 Fighting Energy +1 Professor Sada's Vitality
[r2 100/165   5894s] ACCEPT Tatsugiri Toolbox                 35.4 ->  38.2  -1 Fire Energy +1 Professor Sada's Vitality
[r2 101/165   5922s] ACCEPT Mega Latias Nuke                  62.2 ->  64.6  -1 Volcanion +1 Glass Trumpet
[r2 102/165   5944s] ACCEPT Mega Skarmory Snipe                7.3 ->   8.7  -1 Metal Energy +1 Buddy-Buddy Poffin
[r2 103/165   5966s] ACCEPT Revavroom Hit-and-Run             50.2 ->  55.7  -1 Metal Energy +1 Glass Trumpet
[r2 104/165   5988s] ACCEPT Scizor Flex                       40.9 ->  45.3  -1 Metal Energy +1 Glass Trumpet
[r2 105/165   6009s] ACCEPT Melmetal Axe                      37.6 ->  41.3  -1 Metal Energy +1 Lt. Surge's Bargain
[r2 106/165   6031s] ACCEPT Metal Maker Ramp                  29.1 ->  33.7  -1 Heatran +1 Philippe
[r2 107/165   6052s] ACCEPT Symphonia Flood                   49.8 ->  54.9  -1 Iron Valiant +1 Harlequin
[r2 108/165   6072s] ACCEPT Warded Symphonia                  50.4 ->  54.3  -1 Psychic Energy +1 Boss's Orders
[r2 109/165   6091s] ACCEPT Scattergun Ward                   53.0 ->  54.7  -1 Alakazam +1 Fezandipiti
[r2 110/165   6109s] ACCEPT Cobalt Crossfire                  16.7 ->  19.3  -1 Psychic Energy +1 Glass Trumpet
[r2 111/165   6127s] ACCEPT Waltz of Whispers                 53.7 ->  60.0  -1 Mismagius +1 Iron Boulder
[r2 112/165   6148s]   ---- Deep Prison                       54.9 ->  54.3  
[r2 113/165   6170s] ACCEPT Fairy-Slayer                      46.7 ->  55.7  -1 Iron Valiant +1 Mist Energy
[r2 114/165   6191s] ACCEPT Full Hand Nova                    53.9 ->  56.9  -1 Psychic Energy +1 Harlequin
[r2 115/165   6209s] ACCEPT Curtain-Riser                     46.5 ->  49.2  -1 Xerneas +1 Crispin
[r2 116/165   6228s] ACCEPT Silent Scream                     27.2 ->  29.5  -1 Dusknoir +1 Iron Boulder
[r2 117/165   6247s] ACCEPT Sweet Stall                       43.3 ->  45.1  -1 Iron Valiant +1 Jacinthe
[r2 118/165   6269s] ACCEPT Detonation Coat                   62.2 ->  68.3  -1 Mesprit +1 Crispin
[r2 119/165   6289s] ACCEPT Coin-Flip Reaper                  25.0 ->  30.5  -1 Psychic Energy +1 Wondrous Patch
[r2 120/165   6309s] ACCEPT Mercy for All                     50.4 ->  53.5  -1 Mesprit +1 Glass Trumpet
[r2 121/165   6327s] ACCEPT Battle-Scarred Bench              69.1 ->  72.4  -1 Dusknoir +1 Telepathic Psychic Energy
[r2 122/165   6350s] ACCEPT Flutter Lock                      59.3 ->  61.4  -1 Psychic Energy +1 Mesprit
[r2 123/165   6368s] ACCEPT Bubble Balloon                    49.2 ->  53.3  -1 Xerneas +1 Glass Trumpet
[r2 124/165   6390s]   ---- Burn Engine                       60.2 ->  59.6  
[r2 125/165   6408s] ACCEPT Ethan's Turbo                     51.2 ->  53.7  -1 Heatmor +1 Professor Sada's Vitality
[r2 126/165   6427s] ACCEPT Emboar Overload                   50.4 ->  51.6  -1 Fire Energy +1 Glass Trumpet
[r2 127/165   6448s] ACCEPT Pyroar Wall                       49.8 ->  52.4  -1 Heatmor +1 Carmine
[r2 128/165   6466s] ACCEPT Volcanion Spread-Burn             55.9 ->  58.3  -1 Fighting Energy +1 Harlequin
[r2 129/165   6487s] ACCEPT Reshiram Comeback                 58.3 ->  61.6  -1 Druddigon +1 Poké Ball
[r2 130/165   6510s] ACCEPT Incineroar Bench-Punish           45.9 ->  51.2  -1 Volcanion +1 Rosa's Encouragement
[r2 131/165   6531s] ACCEPT Salazzle Toolbox                  50.4 ->  51.8  -1 Fire Energy +1 Glass Trumpet
[r2 132/165   6551s] ACCEPT Hearthflame Anti-Evolution        29.9 ->  33.7  -1 Fire Energy +1 Professor Sada's Vitality
[r2 133/165   6570s] ACCEPT Magcargo Mill-Burn                51.8 ->  55.1  -1 Heatmor +1 Tyme
[r2 134/165   6588s]   ---- Scovillain Rage                   59.1 ->  57.7  
[r2 135/165   6608s]   ---- Gouging Fire Pivot                60.8 ->  61.4  
[r2 136/165   6625s] ACCEPT Oricorio Support-Trap             26.0 ->  31.1  -1 Heatmor +1 Crispin
[r2 137/165   6646s]   ---- Reshiram Fire Wing                65.4 ->  66.3  
[r2 138/165   6663s] ACCEPT Retaliation Burn                  44.3 ->  49.4  -1 Heatmor +1 Professor Sada's Vitality
[r2 139/165   6683s] ACCEPT TR Spread                         47.8 ->  51.4  -1 Sawk +1 Professor Sada's Vitality
[r2 140/165   6701s]   ---- TR Nido Family                    54.5 ->  54.5  
[r2 141/165   6724s] ACCEPT TR Persian Copycat                54.3 ->  57.7  -1 Eternatus +1 Jacinthe
[r2 142/165   6742s] ACCEPT TR Rocket Rush Swarm              42.7 ->  46.1  -1 Wo-Chien +1 Harlequin
[r2 143/165   6761s]   ---- TR Condition Stack                58.1 ->  58.9  
[r2 144/165   6781s] ACCEPT TR Disruption Lock                63.2 ->  66.9  -1 Mesprit +1 Glass Trumpet
[r2 145/165   6802s] ACCEPT TR Moltres Removal                53.0 ->  56.3  -1 Eternatus +1 Glass Trumpet
[r2 146/165   6822s] ACCEPT Starmie Jetstream Rush            76.0 ->  80.9  -1 Glastrier +1 Harlequin
[r2 147/165   6845s] ACCEPT Croconaw Chip, Mega Crunch        68.9 ->  70.9  -1 Water Energy +1 Buddy-Buddy Poffin
[r2 148/165   6866s] ACCEPT Starmie Tundra Fortress           67.3 ->  71.3  -1 Glastrier +1 Water Energy
[r2 149/165   6890s] ACCEPT Samurott's Ambush                 33.3 ->  35.2  -1 Basculin +1 Glass Trumpet
[r2 150/165   6917s]   ---- Frozen Fortress                   44.1 ->  44.9  
[r2 151/165   6938s] ACCEPT Hydro Turn Hit-and-Run            31.3 ->  36.4  -1 Basculin +1 Crispin
[r2 152/165   6961s] ACCEPT Deep Current Overload             53.3 ->  59.1  -1 Water Energy +1 Glass Trumpet
[r2 153/165   6983s] ACCEPT Serene Slumber                    37.2 ->  43.5  -1 Glastrier +1 Rosa's Encouragement
[r2 154/165   7007s] ACCEPT Purge and Plunder                 43.3 ->  45.9  -1 Carracosta +1 Bubbly Water Energy
[r2 155/165   7031s] ACCEPT Misty's Deep Freeze               28.0 ->  33.1  -1 Eiscue +1 Misty's Staryu
[r2 156/165   7055s]   ---- Avalanche Flood                   66.5 ->  67.1  
[r2 157/165   7074s] ACCEPT Wellspring Reload                 31.1 ->  36.6  -1 Tirtouga +1 Glass Trumpet
[r2 158/165   7097s] ACCEPT Dondozo's Gambit                  41.1 ->  43.1  -1 Eiscue +1 Energy Search
[r2 159/165   7119s] ACCEPT Paradox Sandman                   26.6 ->  29.5  -1 Tirtouga +1 Glass Trumpet
[r2 160/165   7140s] ACCEPT Prize Blizzard                    42.5 ->  48.2  -1 Articuno +1 Glass Trumpet
[r2 161/165   7162s] ACCEPT Frostbite Recoil                  37.8 ->  41.7  -1 Water Energy +1 Professor Sada's Vitality
[r2 162/165   7186s]   ---- Tricolor Burst — Experimental     48.6 ->  49.4  
[r2 163/165   7212s] ACCEPT Zero to Hero                      47.4 ->  52.0  -1 Clawitzer +1 Bubbly Water Energy
[r2 164/165   7234s] ACCEPT Wash Out Current                  71.7 ->  72.8  -1 Water Energy +1 Techno Radar
[r2 165/165   7257s] ACCEPT Vibrant Wall                      38.4 ->  45.5  -1 Articuno +1 Water Energy
=== round 2 done: 151 changes | top: Starmie Jetstream Rush 79.67% | median 54.47% ===
[r3   1/165   7296s] ACCEPT Bouffalant's Wall                 51.8 ->  54.7  -1 Water Energy +1 Jacinthe
[r3   2/165   7319s] ACCEPT Rabbit Punch                      70.1 ->  73.6  -1 Articuno +1 Prism Energy
[r3   3/165   7343s]   ---- Tail Spin (Turbo)                 66.7 ->  67.5  
[r3   4/165   7366s] ACCEPT Tail Spin (Grind)                 60.0 ->  62.8  -1 Articuno +1 TM Machine
[r3   5/165   7387s] ACCEPT Nurse Blissey                     58.1 ->  60.4  -1 Eiscue +1 Spiky Energy
[r3   6/165   7413s] ACCEPT Tenacious Tail                    36.2 ->  39.4  -1 Eiscue +1 Poké Ball
[r3   7/165   7436s] ACCEPT Errand Runner                     60.0 ->  62.6  -1 Articuno +1 Glass Trumpet
[r3   8/165   7464s] ACCEPT Larry's Sleepover                 35.4 ->  38.2  -1 Keldeo +1 Drasna
[r3   9/165   7486s] ACCEPT Payback Worm                      56.3 ->  58.5  -1 Metal Energy +1 Crispin
[r3  10/165   7511s] ACCEPT Blood Moon Rising                 33.1 ->  37.6  -1 Glastrier +1 Misty's Staryu
[r3  11/165   7533s] ACCEPT Sonic Wall                        37.8 ->  40.0  -1 Keldeo +1 Glass Trumpet
[r3  12/165   7557s] ACCEPT Quick Draw                        26.0 ->  28.7  -1 Keldeo +1 Water Energy
[r3  13/165   7581s] ACCEPT Fresh Bite                        59.1 ->  61.6  -1 Water Energy +1 N's PP Up
[r3  14/165   7605s] ACCEPT Ball Lightning                    28.9 ->  35.8  -1 Glastrier +1 TM Machine
[r3  15/165   7626s]   ---- Great Swing                       78.9 ->  79.5  
[r3  16/165   7651s] ACCEPT Mirror Beak                       36.4 ->  40.4  -1 Basculin +1 Misty's Staryu
[r3  17/165   7670s] ACCEPT Cyclizar Splash                   54.3 ->  57.1  -1 Magearna +1 Iron Boulder
[r3  18/165   7691s] ACCEPT Terapagos Bench-Scale             51.8 ->  53.5  -1 Grass Energy +1 Glass Trumpet
[r3  19/165   7722s] ACCEPT Bouffalant Herd                   75.0 ->  80.7  -1 Glastrier +1 Jacinthe
[r3  20/165   7744s] ACCEPT Yveltal Soul Reap                 32.7 ->  35.8  -1 Darkness Energy +1 Team Rocket's Archer
[r3  21/165   7766s] ACCEPT Okidogi Self-Poison Burst         41.3 ->  43.1  -1 Darkness Energy +1 Poké Ball
[r3  22/165   7786s]   ---- Marnie's Punk Up Wheel            57.1 ->  56.7  
[r3  23/165   7808s] ACCEPT Tyranitar Item-Lock Twins         54.3 ->  58.9  -1 Darkness Energy +1 Glass Trumpet
[r3  24/165   7829s] ACCEPT Scrafty Counterattack Wall        52.0 ->  55.1  -1 Darkness Energy +1 Mist Energy
[r3  25/165   7851s] ACCEPT Krookodile Revenge Lockdown       43.1 ->  47.0  -1 Eternatus +1 Earthen Vessel
[r3  26/165   7875s] ACCEPT Clodsire Poison Lockdown          34.6 ->  39.0  -1 Darkness Energy +1 Glass Trumpet
[r3  27/165   7896s]   ---- Mandibuzz Bench Snipe             44.1 ->  44.5  
[r3  28/165   7916s] ACCEPT Hydreigon Basic Bounty            44.1 ->  45.5  -1 Darkness Energy +1 Glass Trumpet
[r3  29/165   7937s] ACCEPT Sharpedo Glass Cannon             68.1 ->  70.5  -1 Eternatus +1 Glass Trumpet
[r3  30/165   7957s] ACCEPT Marnie's Ex-Punisher              57.5 ->  61.4  -1 Chien-Pao +1 Hoopa
[r3  31/165   7978s] ACCEPT Absol Hand-Rip Aggro              60.4 ->  62.6  -1 Darkness Energy +1 Glass Trumpet
[r3  32/165   7999s] ACCEPT Munkidori Vanilla Beats           27.6 ->  32.1  -1 Darkness Energy +1 Janine's Secret Art
[r3  33/165   8018s] ACCEPT Gust & Guarantee                  61.8 ->  65.9  -1 Fighting Energy +1 Team Rocket's Proton
[r3  34/165   8037s] ACCEPT Stonewall Softener                59.8 ->  61.8  -1 Stonjourner +1 Throh
[r3  35/165   8058s] ACCEPT Champion's Call                   63.0 ->  64.8  -1 Sawk +1 Earthen Vessel
[r3  36/165   8079s] ACCEPT Rock Battery                      50.8 ->  57.7  -1 Fighting Energy +1 Glass Trumpet
[r3  37/165   8098s] ACCEPT Aura Overflow                     76.8 ->  79.1  -1 Okidogi +1 Rocky Fighting Energy
[r3  38/165   8117s] ACCEPT Drill & Snipe                     68.1 ->  70.1  -1 Solrock +1 Harlequin
[r3  39/165   8139s] ACCEPT Perfect Order Beatdown            74.2 ->  76.8  -1 Groudon +1 Rocky Fighting Energy
[r3  40/165   8160s] ACCEPT Grudge Match                      55.5 ->  60.6  -1 Solrock +1 Glass Trumpet
[r3  41/165   8181s] ACCEPT Cornerstone Fortress              59.8 ->  65.9  -1 Solrock +1 Professor Sada's Vitality
[r3  42/165   8201s] ACCEPT Stuck in the Mud                  41.5 ->  48.2  -1 Regirock +1 Mega Zygarde ex
[r3  43/165   8221s] ACCEPT Bait the Boulder                  53.3 ->  58.9  -1 Terrakion +1 Mega Zygarde ex
[r3  44/165   8241s] ACCEPT Slow Burn                         62.6 ->  68.3  -1 Stonjourner +1 Carmine
[r3  45/165   8262s] ACCEPT Tusk Stampede                     65.0 ->  68.5  -1 Relicanth +1 Mega Zygarde ex
[r3  46/165   8282s] ACCEPT Coinflip Comeback                 53.7 ->  57.1  -1 Stonjourner +1 Glass Trumpet
[r3  47/165   8302s] ACCEPT Mega Gallade Blitz                68.3 ->  73.2  -1 Landorus +1 Rocky Fighting Energy
[r3  48/165   8323s] ACCEPT Koraidon Kaiser                   56.7 ->  61.0  -1 Landorus +1 Mega Zygarde ex
[r3  49/165   8344s]   ---- Wild Growth Overdrive             47.8 ->  48.4  
[r3  50/165   8363s] ACCEPT Erika's Garden Party              61.8 ->  63.0  -1 Grass Energy +1 Drasna
[r3  51/165   8382s] ACCEPT Forest March                      64.2 ->  67.3  -1 Wo-Chien +1 Night Stretcher
[r3  52/165   8403s] ACCEPT Spore Lock                        38.0 ->  42.3  -1 Carnivine +1 Energy Coin
[r3  53/165   8424s] ACCEPT Oil Salvo Sniper                  48.8 ->  51.0  -1 Grass Energy +1 Ultra Ball
[r3  54/165   8444s] ACCEPT Regal Cheer Aggro                 36.8 ->  38.8  -1 Grass Energy +1 N's PP Up
[r3  55/165   8464s]   ---- Solar Bank                        48.4 ->  49.2  
[r3  56/165   8484s] ACCEPT Swarm of the Hive                 47.2 ->  49.4  -1 Butterfree +1 Growing Grass Energy
[r3  57/165   8503s] ACCEPT Buzzing Boost Shuttle             46.3 ->  50.6  -1 Wo-Chien +1 Crispin
[r3  58/165   8523s] ACCEPT Juggernaut Wall                   67.9 ->  70.7  -1 Carnivine +1 N's PP Up
[r3  59/165   8543s] ACCEPT Energy Gift Express               22.2 ->  25.0  -1 Bayleef +1 Professor Sada's Vitality
[r3  60/165   8563s] ACCEPT Arrow of Denial                   40.4 ->  44.7  -1 Grass Energy +1 Glass Trumpet
[r3  61/165   8583s] ACCEPT Rapid Vernier Nova                37.4 ->  43.7  -1 Carnivine +1 Glass Trumpet
[r3  62/165   8607s] ACCEPT Bottom-Deck Gambit                54.7 ->  57.5  -1 Grass Energy +1 Glass Trumpet
[r3  63/165   8625s] ACCEPT Steeped Discard                   47.2 ->  52.2  -1 Grass Energy +1 Harlequin
[r3  64/165   8645s] ACCEPT Vengeful Attrition                47.6 ->  52.4  -1 Grass Energy +1 Glass Trumpet
[r3  65/165   8665s] ACCEPT Mega Meganium Bouquet             60.0 ->  62.4  -1 Grass Energy +1 Glass Trumpet
[r3  66/165   8685s] ACCEPT Hydrapple Syrup Storm             53.5 ->  55.9  -1 Grass Energy +1 Glass Trumpet
[r3  67/165   8705s] ACCEPT Bench Fortress                    62.6 ->  64.6  -1 Wo-Chien +1 Harlequin
[r3  68/165   8733s] ACCEPT Eelektrik Recursion               66.3 ->  68.5  -1 Lightning Energy +1 Drasna
[r3  69/165   8759s] ACCEPT Overvolt Overload                 77.4 ->  79.3  -1 Luxray +1 Zapdos
[r3  70/165   8793s] ACCEPT Iono's Streamer                   56.5 ->  58.9  -1 Lightning Energy +1 Mist Energy
[r3  71/165   8825s] ACCEPT Manectric Aggro                   65.2 ->  67.5  -1 Lightning Energy +1 Zeraora
[r3  72/165   8858s]   ---- Luxray Nuke                       72.2 ->  71.7  
[r3  73/165   8885s] ACCEPT Iron Thorns Lock                  64.4 ->  70.9  -1 Lightning Energy +1 Jacinthe
[r3  74/165   8913s] ACCEPT Kilowattrel Pivot                 71.1 ->  76.0  -1 Zeraora +1 Lillie's Determination
[r3  75/165   8941s] ACCEPT Hop's Pincurchin                  55.5 ->  57.7  -1 Lightning Energy +1 Glass Trumpet
[r3  76/165   8968s] ACCEPT Tapu Koko Swarm                   64.2 ->  67.5  -1 Pawmo +1 Switch
[r3  77/165   8995s] ACCEPT Zekrom Comeback                   69.7 ->  70.7  -1 Lightning Energy +1 Lillie's Determination
[r3  78/165   9025s] ACCEPT Rotom Tool                        57.3 ->  58.9  -1 Zeraora +1 Drasna
[r3  79/165   9053s] ACCEPT Miraidon Hadron                   64.8 ->  68.5  -1 Raikou +1 Iron Boulder
[r3  80/165   9070s] ACCEPT Steven's Steel Sanctuary          57.1 ->  60.2  -1 Mesprit +1 Psychic Energy
[r3  81/165   9090s] ACCEPT Alloy Bulwark                     46.3 ->  48.2  -1 Heatran +1 Jacinthe
[r3  82/165   9111s] ACCEPT Regi-Charge Attrition             57.9 ->  60.0  -1 Metal Energy +1 Crispin
[r3  83/165   9132s] ACCEPT Emperor's Stance Wall             47.0 ->  49.4  -1 Duraludon +1 Glass Trumpet
[r3  84/165   9152s] ACCEPT Alloy Overdrive                   48.0 ->  52.0  -1 Heatran +1 Jacinthe
[r3  85/165   9170s] ACCEPT Bench Battery                     62.8 ->  67.3  -1 Heatran +1 Harlequin
[r3  86/165   9192s] ACCEPT Hop's Champion Rush               37.0 ->  41.3  -1 Metal Energy +1 Glass Trumpet
[r3  87/165   9215s] ACCEPT Steel Armament Blitz              25.6 ->  27.6  -1 Registeel +1 Dragon Elixir
[r3  88/165   9237s] ACCEPT Metallic Signal Toolbox           43.3 ->  47.8  -1 Heatran +1 Glass Trumpet
[r3  89/165   9259s] ACCEPT Chrono Draw Engine                34.6 ->  36.6  -1 Metal Energy +1 Glass Trumpet
[r3  90/165   9280s] ACCEPT Prize Snowball                    66.5 ->  70.9  -1 Zamazenta +1 Dialga
[r3  91/165   9301s] ACCEPT Static Cling Combo                24.2 ->  27.0  -1 Registeel +1 Philippe
[r3  92/165   9320s] ACCEPT Cinderace Snipe                   54.5 ->  60.0  -1 Throh +1 Glass Trumpet
[r3  93/165   9339s] ACCEPT Salamence Splash                  52.4 ->  55.1  -1 Moltres +1 Bubbly Water Energy
[r3  94/165   9362s] ACCEPT Galvantula Item-Lock              65.0 ->  69.1  -1 Throh +1 Buddy-Buddy Poffin
[r3  95/165   9381s] ACCEPT Alolan Exeggutor KO-Flip          55.9 ->  56.9  -1 Sawk +1 Tyme
[r3  96/165   9405s] ACCEPT Miraidon Future                   70.9 ->  73.2  -1 Psychic Energy +1 Poké Ball
[r3  97/165   9422s] ACCEPT Flygon Anti-Ex                    58.9 ->  66.7  -1 Landorus +1 Mega Zygarde ex
[r3  98/165   9444s] ACCEPT Mega Dragalge Poison              66.1 ->  67.3  -1 Glastrier +1 Carmine
[r3  99/165   9463s] ACCEPT Palossand Control                 49.4 ->  55.1  -1 Dusknoir +1 Rocky Fighting Energy
[r3 100/165   9481s] ACCEPT Tatsugiri Toolbox                 36.4 ->  39.4  -1 Water Energy +1 Kofu
[r3 101/165   9507s] ACCEPT Mega Latias Nuke                  64.4 ->  65.4  -1 Volcanion +1 Litten
[r3 102/165   9529s] ACCEPT Mega Skarmory Snipe               10.0 ->  11.0  -1 Metal Energy +1 Glass Trumpet
[r3 103/165   9550s] ACCEPT Revavroom Hit-and-Run             49.4 ->  52.8  -1 Metal Energy +1 Jumbo Ice Cream
[r3 104/165   9573s] ACCEPT Scizor Flex                       46.1 ->  47.8  -1 Metal Energy +1 Philippe
[r3 105/165   9594s] ACCEPT Melmetal Axe                      38.8 ->  41.1  -1 Heatran +1 Onix
[r3 106/165   9617s] ACCEPT Metal Maker Ramp                  33.5 ->  35.8  -1 Metal Energy +1 Glass Trumpet
[r3 107/165   9638s] ACCEPT Symphonia Flood                   50.8 ->  55.9  -1 Zacian +1 Iron Boulder
[r3 108/165   9659s]   ---- Warded Symphonia                  51.4 ->  51.8  
[r3 109/165   9679s] ACCEPT Scattergun Ward                   52.8 ->  59.6  -1 Mesprit +1 Glass Trumpet
[r3 110/165   9697s] ACCEPT Cobalt Crossfire                  19.9 ->  22.0  -1 Psychic Energy +1 Professor's Research
[r3 111/165   9715s] ACCEPT Waltz of Whispers                 52.0 ->  59.3  -1 Tapu Lele +1 Iron Boulder
[r3 112/165   9737s]   ---- Deep Prison                       52.4 ->  53.0  
[r3 113/165   9757s] ACCEPT Fairy-Slayer                      52.4 ->  58.5  -1 Psychic Energy +1 Glass Trumpet
[r3 114/165   9779s] ACCEPT Full Hand Nova                    52.2 ->  55.1  -1 Psychic Energy +1 Professor Sada's Vitality
[r3 115/165   9798s] ACCEPT Curtain-Riser                     44.9 ->  49.2  -1 Mesprit +1 Jacinthe
[r3 116/165   9817s] ACCEPT Silent Scream                     27.8 ->  34.1  -1 Iron Valiant +1 Glass Trumpet
[r3 117/165   9836s] ACCEPT Sweet Stall                       39.0 ->  47.6  -1 Iron Valiant +1 Mr. Mime
[r3 118/165   9858s] ACCEPT Detonation Coat                   66.7 ->  69.7  -1 Spectrier +1 Iron Boulder
[r3 119/165   9878s] ACCEPT Coin-Flip Reaper                  27.6 ->  30.7  -1 Psychic Energy +1 Spiky Energy
[r3 120/165   9898s] ACCEPT Mercy for All                     50.4 ->  54.9  -1 Xerneas +1 Energy Coin
[r3 121/165   9916s] ACCEPT Battle-Scarred Bench              67.3 ->  71.3  -1 Iron Valiant +1 Carmine
[r3 122/165   9939s]   ---- Flutter Lock                      60.4 ->  59.3  
[r3 123/165   9956s] ACCEPT Bubble Balloon                    48.6 ->  55.3  -1 Mesprit +1 Glass Trumpet
[r3 124/165   9979s]   ---- Burn Engine                       58.9 ->  58.5  
[r3 125/165   9997s] ACCEPT Ethan's Turbo                     51.4 ->  56.7  -1 Volcanion +1 Fire Energy
[r3 126/165  10015s] ACCEPT Emboar Overload                   50.0 ->  51.2  -1 Fire Energy +1 Professor Sada's Vitality
[r3 127/165  10036s] ACCEPT Pyroar Wall                       50.2 ->  57.5  -1 Volcanion +1 Mist Energy
[r3 128/165  10055s] ACCEPT Volcanion Spread-Burn             55.7 ->  57.9  -1 Monferno +1 Rosa's Encouragement
[r3 129/165  10076s] ACCEPT Reshiram Comeback                 57.1 ->  61.4  -1 Druddigon +1 Professor Sada's Vitality
[r3 130/165  10100s] ACCEPT Incineroar Bench-Punish           49.0 ->  53.9  -1 Volcanion +1 Switch
[r3 131/165  10121s] ACCEPT Salazzle Toolbox                  49.8 ->  53.5  -1 Fire Energy +1 Glass Trumpet
[r3 132/165  10141s] ACCEPT Hearthflame Anti-Evolution        31.1 ->  33.5  -1 Fire Energy +1 Crispin
[r3 133/165  10161s] ACCEPT Magcargo Mill-Burn                52.2 ->  54.3  -1 Fire Energy +1 Glass Trumpet
[r3 134/165  10178s] ACCEPT Scovillain Rage                   57.1 ->  58.1  -1 Wo-Chien +1 Cyrano
[r3 135/165  10198s]   ---- Gouging Fire Pivot                56.7 ->  56.9  
[r3 136/165  10216s] ACCEPT Oricorio Support-Trap             31.5 ->  36.0  -1 Druddigon +1 Crispin
[r3 137/165  10237s] ACCEPT Reshiram Fire Wing                61.8 ->  62.8  -1 Volcanion +1 Professor's Research
[r3 138/165  10254s] ACCEPT Retaliation Burn                  47.4 ->  52.0  -1 Heatmor +1 Glass Trumpet
[r3 139/165  10274s] ACCEPT TR Spread                         49.2 ->  52.6  -1 Solrock +1 Harlequin
[r3 140/165  10293s] ACCEPT TR Nido Family                    51.8 ->  53.7  -1 Team Rocket's Sneasel +1 Hoopa
[r3 141/165  10315s] ACCEPT TR Persian Copycat                54.3 ->  59.8  -1 Darkness Energy +1 Mist Energy
[r3 142/165  10334s] ACCEPT TR Rocket Rush Swarm              43.3 ->  45.9  -1 Darkness Energy +1 Harlequin
[r3 143/165  10353s] ACCEPT TR Condition Stack                54.7 ->  57.3  -1 Team Rocket's Sneasel +1 Iron Boulder
[r3 144/165  10374s] ACCEPT TR Disruption Lock                61.0 ->  66.3  -1 Darkness Energy +1 Tyme
[r3 145/165  10395s] ACCEPT TR Moltres Removal                51.2 ->  57.3  -1 Team Rocket's Sneasel +1 Eternatus
[r3 146/165  10416s] ACCEPT Starmie Jetstream Rush            75.6 ->  79.7  -1 Water Energy +1 Mist Energy
[r3 147/165  10440s] ACCEPT Croconaw Chip, Mega Crunch        67.1 ->  71.5  -1 Carracosta +1 Bubbly Water Energy
[r3 148/165  10461s] ACCEPT Starmie Tundra Fortress           65.4 ->  72.0  -1 Articuno +1 Kofu
[r3 149/165  10486s] ACCEPT Samurott's Ambush                 35.4 ->  41.7  -1 Basculin +1 Glass Trumpet
[r3 150/165  10512s]   ---- Frozen Fortress                   42.7 ->  43.1  
[r3 151/165  10533s] ACCEPT Hydro Turn Hit-and-Run            33.1 ->  40.0  -1 Gorebyss +1 Bubbly Water Energy
[r3 152/165  10556s] ACCEPT Deep Current Overload             55.1 ->  57.9  -1 Eiscue +1 Lucian
[r3 153/165  10577s] ACCEPT Serene Slumber                    39.0 ->  45.1  -1 Glastrier +1 Mist Energy
[r3 154/165  10601s] ACCEPT Purge and Plunder                 41.9 ->  43.3  -1 Water Energy +1 Buddy-Buddy Poffin
[r3 155/165  10627s] ACCEPT Misty's Deep Freeze               30.1 ->  33.9  -1 Keldeo +1 Lucian
[r3 156/165  10651s] ACCEPT Avalanche Flood                   61.4 ->  65.0  -1 Water Energy +1 Misty's Staryu
[r3 157/165  10671s] ACCEPT Wellspring Reload                 35.0 ->  37.8  -1 Water Energy +1 Harlequin
[r3 158/165  10693s] ACCEPT Dondozo's Gambit                  42.1 ->  43.7  -1 Keldeo +1 Glass Trumpet
[r3 159/165  10715s] ACCEPT Paradox Sandman                   27.6 ->  32.5  -1 Walking Wake +1 Bubbly Water Energy
[r3 160/165  10736s] ACCEPT Prize Blizzard                    43.9 ->  48.4  -1 Water Energy +1 Glass Trumpet
[r3 161/165  10757s] ACCEPT Frostbite Recoil                  38.8 ->  44.7  -1 Iron Bundle +1 Professor Sada's Vitality
[r3 162/165  10781s] ACCEPT Tricolor Burst — Experimental     47.2 ->  48.4  -1 Water Energy +1 Carmine
[r3 163/165  10806s] ACCEPT Zero to Hero                      48.4 ->  51.2  -1 Articuno +1 Poké Ball
[r3 164/165  10829s]   ---- Wash Out Current                  69.9 ->  69.5  
[r3 165/165  10852s] ACCEPT Vibrant Wall                      41.7 ->  50.6  -1 Articuno +1 Jacinthe
=== round 3 done: 151 changes | top: Starmie Jetstream Rush 79.67% | median 54.07% ===
[r4   1/165  10890s] ACCEPT Bouffalant's Wall                 49.4 ->  53.9  -1 Water Energy +1 Jacinthe
[r4   2/165  10912s] ACCEPT Rabbit Punch                      73.6 ->  75.6  -1 Articuno +1 Team Rocket's Archer
[r4   3/165  10935s] ACCEPT Tail Spin (Turbo)                 62.8 ->  64.6  -1 Eiscue +1 Switch
[r4   4/165  10958s] ACCEPT Tail Spin (Grind)                 57.5 ->  61.4  -1 Keldeo +1 Brock's Scouting
[r4   5/165  10977s] ACCEPT Nurse Blissey                     55.3 ->  57.7  -1 Glastrier +1 Misty's Staryu
[r4   6/165  11001s] ACCEPT Tenacious Tail                    34.1 ->  36.8  -1 Eiscue +1 Jacinthe
[r4   7/165  11023s] ACCEPT Errand Runner                     61.4 ->  66.7  -1 Dudunsparce +1 Bubbly Water Energy
[r4   8/165  11050s] ACCEPT Larry's Sleepover                 35.6 ->  37.2  -1 Glastrier +1 Buddy-Buddy Poffin
[r4   9/165  11071s] ACCEPT Payback Worm                      56.3 ->  57.5  -1 Metal Energy +1 Glass Trumpet
[r4  10/165  11096s] ACCEPT Blood Moon Rising                 33.9 ->  37.0  -1 Keldeo +1 Rosa's Encouragement
[r4  11/165  11117s] ACCEPT Sonic Wall                        36.2 ->  40.9  -1 Glastrier +1 Glass Trumpet
[r4  12/165  11141s] ACCEPT Quick Draw                        27.6 ->  31.7  -1 Raboot +1 Glass Trumpet
[r4  13/165  11164s] ACCEPT Fresh Bite                        58.7 ->  60.8  -1 Keldeo +1 Misty's Staryu
[r4  14/165  11189s] ACCEPT Ball Lightning                    33.3 ->  37.4  -1 Glastrier +1 Mist Energy
[r4  15/165  11209s] ACCEPT Great Swing                       75.8 ->  77.8  -1 Drednaw +1 Bubbly Water Energy
[r4  16/165  11235s] ACCEPT Mirror Beak                       36.6 ->  40.7  -1 Glastrier +1 TM Machine
[r4  17/165  11253s] ACCEPT Cyclizar Splash                   52.4 ->  60.6  -1 Xerneas +1 Drasna
[r4  18/165  11274s] ACCEPT Terapagos Bench-Scale             49.8 ->  53.9  -1 Chewtle +1 Professor Sada's Vitality
[r4  19/165  11304s]   ---- Bouffalant Herd                   76.6 ->  77.2  
[r4  20/165  11326s] ACCEPT Yveltal Soul Reap                 30.5 ->  36.2  -1 Darkness Energy +1 Glass Trumpet
[r4  21/165  11348s] ACCEPT Okidogi Self-Poison Burst         40.0 ->  42.9  -1 Darkness Energy +1 Glass Trumpet
[r4  22/165  11367s] ACCEPT Marnie's Punk Up Wheel            52.6 ->  54.9  -1 Darkness Energy +1 Amarys
[r4  23/165  11387s] ACCEPT Tyranitar Item-Lock Twins         55.5 ->  57.9  -1 Eternatus +1 Kofu
[r4  24/165  11408s] ACCEPT Scrafty Counterattack Wall        49.2 ->  50.8  -1 Pecharunt +1 Fezandipiti
[r4  25/165  11428s] ACCEPT Krookodile Revenge Lockdown       36.8 ->  42.5  -1 Eternatus +1 Glass Trumpet
[r4  26/165  11450s] ACCEPT Clodsire Poison Lockdown          35.8 ->  39.2  -1 Eternatus +1 Glass Trumpet
[r4  27/165  11471s] ACCEPT Mandibuzz Bench Snipe             39.2 ->  43.9  -1 Darkness Energy +1 Rosa's Encouragement
[r4  28/165  11490s]   ---- Hydreigon Basic Bounty            46.3 ->  43.1  
[r4  29/165  11509s] ACCEPT Sharpedo Glass Cannon             69.3 ->  72.0  -1 Darkness Energy +1 Lucian
[r4  30/165  11528s]   ---- Marnie's Ex-Punisher              57.1 ->  56.9  
[r4  31/165  11549s] ACCEPT Absol Hand-Rip Aggro              62.4 ->  63.8  -1 Darkness Energy +1 Buddy-Buddy Poffin
[r4  32/165  11569s] ACCEPT Munkidori Vanilla Beats           28.9 ->  32.7  -1 Darkness Energy +1 Jacinthe
[r4  33/165  11588s]   ---- Gust & Guarantee                  59.3 ->  58.9  
[r4  34/165  11606s] ACCEPT Stonewall Softener                52.0 ->  56.3  -1 Rhyperior +1 Mega Zygarde ex
[r4  35/165  11626s] ACCEPT Champion's Call                   57.5 ->  59.3  -1 Fighting Energy +1 Buddy-Buddy Poffin
[r4  36/165  11646s] ACCEPT Rock Battery                      52.8 ->  57.1  -1 Regirock +1 Mega Zygarde ex
[r4  37/165  11664s] ACCEPT Aura Overflow                     75.0 ->  78.9  -1 Stonjourner +1 Switch
[r4  38/165  11683s] ACCEPT Drill & Snipe                     63.8 ->  69.5  -1 Relicanth +1 Rocky Fighting Energy
[r4  39/165  11704s] ACCEPT Perfect Order Beatdown            70.3 ->  76.2  -1 Throh +1 Professor Sada's Vitality
[r4  40/165  11723s] ACCEPT Grudge Match                      57.1 ->  63.8  -1 Fighting Energy +1 Powerglass
[r4  41/165  11744s] ACCEPT Cornerstone Fortress              63.4 ->  66.9  -1 Solrock +1 Crispin
[r4  42/165  11764s] ACCEPT Stuck in the Mud                  41.9 ->  46.7  -1 Throh +1 Glass Trumpet
[r4  43/165  11784s] ACCEPT Bait the Boulder                  53.3 ->  57.7  -1 Throh +1 Professor Sada's Vitality
[r4  44/165  11804s] ACCEPT Slow Burn                         65.2 ->  68.1  -1 Stonjourner +1 Switch
[r4  45/165  11824s]   ---- Tusk Stampede                     66.5 ->  67.3  
[r4  46/165  11844s] ACCEPT Coinflip Comeback                 54.9 ->  61.6  -1 Throh +1 Glass Trumpet
[r4  47/165  11863s] ACCEPT Mega Gallade Blitz                70.7 ->  71.7  -1 Throh +1 Spiky Energy
[r4  48/165  11883s]   ---- Koraidon Kaiser                   55.9 ->  56.7  
[r4  49/165  11904s] ACCEPT Wild Growth Overdrive             44.3 ->  46.1  -1 Wo-Chien +1 Glass Trumpet
[r4  50/165  11923s] ACCEPT Erika's Garden Party              52.8 ->  57.5  -1 Vileplume +1 Growing Grass Energy
[r4  51/165  11943s] ACCEPT Forest March                      60.2 ->  62.2  -1 Serperior +1 Growing Grass Energy
[r4  52/165  11962s] ACCEPT Spore Lock                        37.6 ->  42.7  -1 Grass Energy +1 N's PP Up
[r4  53/165  11983s] ACCEPT Oil Salvo Sniper                  45.3 ->  47.6  -1 Butterfree +1 Growing Grass Energy
[r4  54/165  12002s]   ---- Regal Cheer Aggro                 33.9 ->  34.8  
[r4  55/165  12022s] ACCEPT Solar Bank                        43.3 ->  45.9  -1 Grass Energy +1 Glass Trumpet
[r4  56/165  12041s] ACCEPT Swarm of the Hive                 44.7 ->  49.0  -1 Grass Energy +1 Glass Trumpet
[r4  57/165  12061s] ACCEPT Buzzing Boost Shuttle             43.9 ->  45.1  -1 Grass Energy +1 Glass Trumpet
[r4  58/165  12080s] ACCEPT Juggernaut Wall                   64.8 ->  71.1  -1 Wo-Chien +1 Glass Trumpet
[r4  59/165  12100s] ACCEPT Energy Gift Express               21.1 ->  26.8  -1 Virizion +1 Glass Trumpet
[r4  60/165  12119s] ACCEPT Arrow of Denial                   41.5 ->  42.9  -1 Wo-Chien +1 Glass Trumpet
[r4  61/165  12139s] ACCEPT Rapid Vernier Nova                38.2 ->  42.3  -1 Grass Energy +1 Glass Trumpet
[r4  62/165  12161s] ACCEPT Bottom-Deck Gambit                51.8 ->  57.5  -1 Grass Energy +1 Mist Energy
[r4  63/165  12180s] ACCEPT Steeped Discard                   50.2 ->  52.6  -1 Sinistcha +1 Growing Grass Energy
[r4  64/165  12200s] ACCEPT Vengeful Attrition                47.4 ->  53.5  -1 Virizion +1 Rosa's Encouragement
[r4  65/165  12219s] ACCEPT Mega Meganium Bouquet             57.5 ->  61.2  -1 Grass Energy +1 Rosa's Encouragement
[r4  66/165  12238s] ACCEPT Hydrapple Syrup Storm             50.0 ->  56.1  -1 Grass Energy +1 Carmine
[r4  67/165  12258s] ACCEPT Bench Fortress                    57.7 ->  60.0  -1 Grass Energy +1 Carmine
[r4  68/165  12285s] ACCEPT Eelektrik Recursion               65.4 ->  67.3  -1 Lightning Energy +1 Drasna
[r4  69/165  12311s]   ---- Overvolt Overload                 75.8 ->  76.2  
[r4  70/165  12345s] ACCEPT Iono's Streamer                   56.1 ->  57.3  -1 Lightning Energy +1 Glass Trumpet
[r4  71/165  12376s] ACCEPT Manectric Aggro                   59.1 ->  64.2  -1 Togedemaru +1 Powerglass
[r4  72/165  12408s]   ---- Luxray Nuke                       68.5 ->  68.5  
[r4  73/165  12435s] ACCEPT Iron Thorns Lock                  65.0 ->  68.5  -1 Lightning Energy +1 Buddy-Buddy Poffin
[r4  74/165  12462s] ACCEPT Kilowattrel Pivot                 70.5 ->  72.4  -1 Zeraora +1 Cheren
[r4  75/165  12489s] ACCEPT Hop's Pincurchin                  53.0 ->  56.7  -1 Lightning Energy +1 Buddy-Buddy Poffin
[r4  76/165  12515s] ACCEPT Tapu Koko Swarm                   62.0 ->  66.9  -1 Zeraora +1 Buddy-Buddy Poffin
[r4  77/165  12543s] ACCEPT Zekrom Comeback                   65.9 ->  67.1  -1 Lightning Energy +1 Friends in Paldea
[r4  78/165  12572s] ACCEPT Rotom Tool                        51.6 ->  61.6  -1 Zeraora +1 Hop's Bag
[r4  79/165  12599s] ACCEPT Miraidon Hadron                   64.0 ->  66.3  -1 Iron Boulder +1 Zapdos
[r4  80/165  12615s] ACCEPT Steven's Steel Sanctuary          55.3 ->  60.8  -1 Mesprit +1 Drasna
[r4  81/165  12636s] ACCEPT Alloy Bulwark                     42.1 ->  47.2  -1 Heatran +1 Carmine
[r4  82/165  12656s] ACCEPT Regi-Charge Attrition             55.3 ->  59.6  -1 Duraludon +1 Energy Coin
[r4  83/165  12677s] ACCEPT Emperor's Stance Wall             45.3 ->  48.4  -1 Metal Energy +1 Drasna
[r4  84/165  12698s] ACCEPT Alloy Overdrive                   45.7 ->  49.6  -1 Heatran +1 Glass Trumpet
[r4  85/165  12716s] ACCEPT Bench Battery                     60.6 ->  65.9  -1 Metal Energy +1 Professor's Research
[r4  86/165  12738s] ACCEPT Hop's Champion Rush               35.0 ->  37.0  -1 Heatran +1 Jacinthe
[r4  87/165  12759s] ACCEPT Steel Armament Blitz              23.2 ->  24.8  -1 Registeel +1 Mist Energy
[r4  88/165  12781s] ACCEPT Metallic Signal Toolbox           47.4 ->  51.6  -1 Duraludon +1 Philippe
[r4  89/165  12802s] ACCEPT Chrono Draw Engine                30.5 ->  34.6  -1 Duraludon +1 Jacinthe
[r4  90/165  12824s] ACCEPT Prize Snowball                    67.3 ->  71.5  -1 Duraludon +1 Glass Trumpet
[r4  91/165  12844s]   ---- Static Cling Combo                24.0 ->  24.8  
[r4  92/165  12863s] ACCEPT Cinderace Snipe                   56.1 ->  61.2  -1 Roaring Moon +1 Rocky Fighting Energy
[r4  93/165  12880s] ACCEPT Salamence Splash                  50.4 ->  55.9  -1 Volcanion +1 Harlequin
[r4  94/165  12903s] ACCEPT Galvantula Item-Lock              62.0 ->  64.0  -1 Sawk +1 Buddy-Buddy Poffin
[r4  95/165  12922s] ACCEPT Alolan Exeggutor KO-Flip          52.8 ->  59.8  -1 Fighting Energy +1 Carmine
[r4  96/165  12946s] ACCEPT Miraidon Future                   65.2 ->  69.9  -1 Lightning Energy +1 Drasna
[r4  97/165  12964s] ACCEPT Flygon Anti-Ex                    61.8 ->  65.4  -1 Fighting Energy +1 Drasna
[r4  98/165  12984s] ACCEPT Mega Dragalge Poison              62.6 ->  67.5  -1 Glastrier +1 Carmine
[r4  99/165  13002s] ACCEPT Palossand Control                 49.2 ->  53.0  -1 Sawk +1 Carmine
[r4 100/165  13021s] ACCEPT Tatsugiri Toolbox                 35.4 ->  38.2  -1 Darkness Energy +1 Carmine
[r4 101/165  13048s]   ---- Mega Latias Nuke                  63.4 ->  63.0  
[r4 102/165  13069s] ACCEPT Mega Skarmory Snipe                8.7 ->  10.4  -1 Mawile +1 Energy Coin
[r4 103/165  13090s] ACCEPT Revavroom Hit-and-Run             46.1 ->  48.0  -1 Registeel +1 Night Stretcher
[r4 104/165  13112s] ACCEPT Scizor Flex                       41.3 ->  44.1  -1 Steelix +1 Magnetic Metal Energy
[r4 105/165  13133s] ACCEPT Melmetal Axe                      38.2 ->  41.1  -1 Metal Energy +1 Glass Trumpet
[r4 106/165  13155s] ACCEPT Metal Maker Ramp                  32.3 ->  33.5  -1 Metal Energy +1 Rosa's Encouragement
[r4 107/165  13176s] ACCEPT Symphonia Flood                   52.4 ->  55.1  -1 Psychic Energy +1 Carmine
[r4 108/165  13195s] ACCEPT Warded Symphonia                  45.7 ->  50.0  -1 Mesprit +1 Team Rocket's Archer
[r4 109/165  13215s] ACCEPT Scattergun Ward                   55.9 ->  60.4  -1 Darkness Energy +1 Glass Trumpet
[r4 110/165  13232s] ACCEPT Cobalt Crossfire                  17.1 ->  20.3  -1 Latios +1 Crispin
[r4 111/165  13251s] ACCEPT Waltz of Whispers                 54.5 ->  57.3  -1 Psychic Energy +1 Rosa's Encouragement
[r4 112/165  13271s]   ---- Deep Prison                       47.4 ->  48.0  
[r4 113/165  13291s] ACCEPT Fairy-Slayer                      51.8 ->  55.1  -1 Zacian +1 Iron Boulder
[r4 114/165  13313s] ACCEPT Full Hand Nova                    51.2 ->  55.1  -1 Psychic Energy +1 Jacinthe
[r4 115/165  13331s] ACCEPT Curtain-Riser                     40.7 ->  44.9  -1 Iron Valiant +1 Rosa's Encouragement
[r4 116/165  13349s] ACCEPT Silent Scream                     30.7 ->  34.8  -1 Zacian +1 Iron Boulder
[r4 117/165  13369s] ACCEPT Sweet Stall                       44.3 ->  45.5  -1 Mesprit +1 Dawn
[r4 118/165  13391s] ACCEPT Detonation Coat                   64.8 ->  68.7  -1 Psychic Energy +1 Drasna
[r4 119/165  13411s] ACCEPT Coin-Flip Reaper                  23.6 ->  29.1  -1 Mesprit +1 Mist Energy
[r4 120/165  13431s] ACCEPT Mercy for All                     51.2 ->  52.6  -1 Mesprit +1 Glass Trumpet
[r4 121/165  13449s] ACCEPT Battle-Scarred Bench              68.3 ->  70.5  -1 Psychic Energy +1 Glass Trumpet
[r4 122/165  13472s]   ---- Flutter Lock                      56.9 ->  57.5  
[r4 123/165  13489s] ACCEPT Bubble Balloon                    49.4 ->  55.1  -1 Mesprit +1 Harlequin
[r4 124/165  13511s] ACCEPT Burn Engine                       54.1 ->  55.7  -1 Fire Energy +1 Glass Trumpet
[r4 125/165  13529s] ACCEPT Ethan's Turbo                     51.8 ->  54.5  -1 Heatmor +1 Mist Energy
[r4 126/165  13547s] ACCEPT Emboar Overload                   48.0 ->  52.4  -1 Fire Energy +1 Harlequin
[r4 127/165  13567s] ACCEPT Pyroar Wall                       49.6 ->  50.6  -1 Fire Energy +1 Glass Trumpet
[r4 128/165  13586s] ACCEPT Volcanion Spread-Burn             54.5 ->  60.2  -1 Stonjourner +1 Buddy-Buddy Poffin
[r4 129/165  13606s] ACCEPT Reshiram Comeback                 53.3 ->  61.2  -1 Volcanion +1 Mist Energy
[r4 130/165  13630s] ACCEPT Incineroar Bench-Punish           48.8 ->  52.0  -1 Fire Energy +1 Mist Energy
[r4 131/165  13649s] ACCEPT Salazzle Toolbox                  48.6 ->  54.9  -1 Chandelure +1 Victini
[r4 132/165  13669s] ACCEPT Hearthflame Anti-Evolution        30.7 ->  34.6  -1 Heatmor +1 Mist Energy
[r4 133/165  13688s] ACCEPT Magcargo Mill-Burn                48.4 ->  52.6  -1 Heatmor +1 Glass Trumpet
[r4 134/165  13706s] ACCEPT Scovillain Rage                   51.2 ->  53.5  -1 Fire Energy +1 Team Rocket's Archer
[r4 135/165  13725s] ACCEPT Gouging Fire Pivot                52.4 ->  54.5  -1 Fighting Energy +1 Rosa's Encouragement
[r4 136/165  13743s] ACCEPT Oricorio Support-Trap             30.7 ->  36.0  -1 Volcanion +1 Professor Sada's Vitality
[r4 137/165  13764s] ACCEPT Reshiram Fire Wing                56.1 ->  58.7  -1 Fire Energy +1 Mist Energy
[r4 138/165  13781s] ACCEPT Retaliation Burn                  45.7 ->  50.4  -1 Fire Energy +1 Rosa's Encouragement
[r4 139/165  13800s] ACCEPT TR Spread                         51.2 ->  52.6  -1 Solrock +1 Professor's Research
[r4 140/165  13819s]   ---- TR Nido Family                    54.1 ->  53.9  
[r4 141/165  13841s] ACCEPT TR Persian Copycat                54.3 ->  57.7  -1 Eternatus +1 Team Rocket's Ekans
[r4 142/165  13860s]   ---- TR Rocket Rush Swarm              44.9 ->  44.7  
[r4 143/165  13878s] ACCEPT TR Condition Stack                55.3 ->  60.6  -1 Team Rocket's Exeggutor +1 Iron Boulder
[r4 144/165  13899s] ACCEPT TR Disruption Lock                59.3 ->  65.7  -1 Team Rocket's Wobbuffet +1 Fezandipiti
[r4 145/165  13921s] ACCEPT TR Moltres Removal                54.7 ->  56.1  -1 Fire Energy +1 Team Rocket's Great Ball
[r4 146/165  13941s] ACCEPT Starmie Jetstream Rush            76.0 ->  78.5  -1 Clawitzer +1 Bubbly Water Energy
[r4 147/165  13964s] ACCEPT Croconaw Chip, Mega Crunch        64.6 ->  67.1  -1 Water Energy +1 Carmine
[r4 148/165  13984s] ACCEPT Starmie Tundra Fortress           68.3 ->  70.5  -1 Glastrier +1 Boomerang Energy
[r4 149/165  14008s] ACCEPT Samurott's Ambush                 36.4 ->  40.0  -1 Water Energy +1 Jacinthe
[r4 150/165  14034s] ACCEPT Frozen Fortress                   36.8 ->  38.8  -1 Eiscue +1 Glass Trumpet
[r4 151/165  14055s] ACCEPT Hydro Turn Hit-and-Run            35.8 ->  38.2  -1 Articuno +1 Rosa's Encouragement
[r4 152/165  14077s] ACCEPT Deep Current Overload             52.2 ->  54.1  -1 Water Energy +1 Carmine
[r4 153/165  14097s] ACCEPT Serene Slumber                    39.2 ->  42.9  -1 Aurorus +1 Bubbly Water Energy
[r4 154/165  14121s] ACCEPT Purge and Plunder                 39.0 ->  43.7  -1 Eiscue +1 Misty's Staryu
[r4 155/165  14146s]   ---- Misty's Deep Freeze               31.3 ->  31.3  
[r4 156/165  14171s] ACCEPT Avalanche Flood                   62.0 ->  65.0  -1 Keldeo +1 Eiscue
[r4 157/165  14191s] ACCEPT Wellspring Reload                 31.3 ->  35.0  -1 Tirtouga +1 Amarys
[r4 158/165  14212s] ACCEPT Dondozo's Gambit                  36.8 ->  39.8  -1 Keldeo +1 Glass Trumpet
[r4 159/165  14234s] ACCEPT Paradox Sandman                   29.3 ->  33.5  -1 Tirtouga +1 Misty's Staryu
[r4 160/165  14255s] ACCEPT Prize Blizzard                    43.3 ->  47.0  -1 Water Energy +1 Glass Trumpet
[r4 161/165  14276s]   ---- Frostbite Recoil                  41.1 ->  41.5  
[r4 162/165  14300s] ACCEPT Tricolor Burst — Experimental     41.9 ->  45.9  -1 Keldeo +1 Misty's Staryu
[r4 163/165  14326s] ACCEPT Zero to Hero                      45.3 ->  51.0  -1 Articuno +1 Buddy-Buddy Poffin
[r4 164/165  14348s] ACCEPT Wash Out Current                  65.4 ->  66.9  -1 Water Energy +1 Glass Trumpet
[r4 165/165  14370s] ACCEPT Vibrant Wall                      44.5 ->  47.6  -1 Ludicolo +1 Bubbly Water Energy
=== round 4 done: 148 changes | top: Starmie Jetstream Rush 78.66% | median 53.05% ===
[r5   1/165  14409s] ACCEPT Bouffalant's Wall                 51.0 ->  55.1  -1 Keldeo +1 Mist Energy
[r5   2/165  14431s] ACCEPT Rabbit Punch                      71.7 ->  78.9  -1 Cinderace +1 Bubbly Water Energy
[r5   3/165  14455s] REVERT Tail Spin (Turbo)                 60.0 ->  63.2  revert->v13
[r5   4/165  14478s] ACCEPT Tail Spin (Grind)                 59.8 ->  61.2  -1 Water Energy +1 Professor Sada's Vitality
[r5   5/165  14499s] ACCEPT Nurse Blissey                     52.8 ->  56.3  -1 Water Energy +1 Harlequin
[r5   6/165  14520s]   ---- Tenacious Tail                    32.7 ->  33.3  
[r5   7/165  14542s] ACCEPT Errand Runner                     62.8 ->  65.7  -1 Raboot +1 N's PP Up
[r5   8/165  14571s] ACCEPT Larry's Sleepover                 32.3 ->  40.7  -1 Basculin +1 Misty's Staryu
[r5   9/165  14592s] ACCEPT Payback Worm                      54.1 ->  55.7  -1 Metal Energy +1 Team Rocket's Archer
[r5  10/165  14617s]   ---- Blood Moon Rising                 35.0 ->  35.4  
[r5  11/165  14637s] ACCEPT Sonic Wall                        42.1 ->  44.3  -1 Water Energy +1 Glass Trumpet
[r5  12/165  14661s] ACCEPT Quick Draw                        28.5 ->  32.3  -1 Water Energy +1 Rosa's Encouragement
[r5  13/165  14685s] ACCEPT Fresh Bite                        57.3 ->  59.1  -1 Misty's Staryu +1 Harlequin
[r5  14/165  14710s] ACCEPT Ball Lightning                    33.1 ->  35.2  -1 Cinderace +1 Bubbly Water Energy
[r5  15/165  14730s] ACCEPT Great Swing                       73.0 ->  80.1  -1 Water Energy +1 Lillie's Determination
[r5  16/165  14756s] ACCEPT Mirror Beak                       35.2 ->  39.6  -1 Eiscue +1 Glass Trumpet
[r5  17/165  14774s] ACCEPT Cyclizar Splash                   57.7 ->  61.8  -1 Xerneas +1 N's PP Up
[r5  18/165  14795s] ACCEPT Terapagos Bench-Scale             50.8 ->  57.3  -1 Carnivine +1 Lt. Surge's Bargain
[r5  19/165  14825s] ACCEPT Bouffalant Herd                   72.2 ->  76.4  -1 Glastrier +1 Misty's Staryu
[r5  20/165  14847s] ACCEPT Yveltal Soul Reap                 34.6 ->  39.8  -1 Darkness Energy +1 Janine's Secret Art
[r5  21/165  14869s] ACCEPT Okidogi Self-Poison Burst         39.2 ->  42.5  -1 Darkness Energy +1 Mist Energy
[r5  22/165  14888s] ACCEPT Marnie's Punk Up Wheel            50.4 ->  53.9  -1 Darkness Energy +1 Glass Trumpet
[r5  23/165  14909s] ACCEPT Tyranitar Item-Lock Twins         53.9 ->  55.7  -1 Darkness Energy +1 Rosa's Encouragement
[r5  24/165  14930s] ACCEPT Scrafty Counterattack Wall        44.7 ->  51.2  -1 Darkness Energy +1 Tyme
[r5  25/165  14950s]   ---- Krookodile Revenge Lockdown       43.5 ->  43.3  
[r5  26/165  14973s] ACCEPT Clodsire Poison Lockdown          36.0 ->  40.4  -1 Darkness Energy +1 Lucian
[r5  27/165  14994s]   ---- Mandibuzz Bench Snipe             41.7 ->  42.5  
[r5  28/165  15013s] ACCEPT Hydreigon Basic Bounty            41.1 ->  42.5  -1 Toxtricity +1 Roaring Moon
[r5  29/165  15033s]   ---- Sharpedo Glass Cannon             70.1 ->  70.1  
[r5  30/165  15053s] ACCEPT Marnie's Ex-Punisher              52.8 ->  55.1  -1 Darkness Energy +1 Earthen Vessel
[r5  31/165  15074s] ACCEPT Absol Hand-Rip Aggro              61.2 ->  64.6  -1 Darkness Energy +1 Glass Trumpet
[r5  32/165  15094s] ACCEPT Munkidori Vanilla Beats           30.5 ->  32.1  -1 Eternatus +1 Janine's Secret Art
[r5  33/165  15114s] ACCEPT Gust & Guarantee                  54.3 ->  57.5  -1 Throh +1 Glass Trumpet
[r5  34/165  15134s] ACCEPT Stonewall Softener                52.2 ->  62.0  -1 Throh +1 Glass Trumpet
[r5  35/165  15155s] ACCEPT Champion's Call                   55.9 ->  58.9  -1 Sawk +1 Energy Coin
[r5  36/165  15175s] ACCEPT Rock Battery                      52.0 ->  57.9  -1 Sawk +1 Glass Trumpet
[r5  37/165  15193s]   ---- Aura Overflow                     78.7 ->  79.3  
[r5  38/165  15211s] ACCEPT Drill & Snipe                     66.1 ->  69.9  -1 Stonjourner +1 Harlequin
[r5  39/165  15231s] ACCEPT Perfect Order Beatdown            73.2 ->  79.1  -1 Stonjourner +1 Urbain
[r5  40/165  15250s] ACCEPT Grudge Match                      59.1 ->  66.7  -1 Fighting Energy +1 Glass Trumpet
[r5  41/165  15270s] ACCEPT Cornerstone Fortress              65.7 ->  67.9  -1 Fighting Energy +1 Crispin
[r5  42/165  15290s] ACCEPT Stuck in the Mud                  46.5 ->  50.8  -1 Fighting Energy +1 Rosa's Encouragement
[r5  43/165  15309s] ACCEPT Bait the Boulder                  54.7 ->  57.9  -1 Fighting Energy +1 Jumbo Ice Cream
[r5  44/165  15328s] ACCEPT Slow Burn                         66.3 ->  67.7  -1 Fighting Energy +1 Earthen Vessel
[r5  45/165  15349s] ACCEPT Tusk Stampede                     62.6 ->  67.1  -1 Fighting Energy +1 Energy Coin
[r5  46/165  15369s] ACCEPT Coinflip Comeback                 57.3 ->  62.6  -1 Fighting Energy +1 Cheren
[r5  47/165  15388s] ACCEPT Mega Gallade Blitz                69.9 ->  73.8  -1 Throh +1 Tyme
[r5  48/165  15408s]   ---- Koraidon Kaiser                   55.5 ->  56.3  
[r5  49/165  15428s] ACCEPT Wild Growth Overdrive             46.1 ->  47.8  -1 Wo-Chien +1 Drasna
[r5  50/165  15446s] ACCEPT Erika's Garden Party              55.3 ->  59.3  -1 Wo-Chien +1 Glass Trumpet
[r5  51/165  15467s] ACCEPT Forest March                      57.3 ->  63.2  -1 Wo-Chien +1 TM Machine
[r5  52/165  15487s] ACCEPT Spore Lock                        39.4 ->  42.9  -1 Wo-Chien +1 Kofu
[r5  53/165  15507s] ACCEPT Oil Salvo Sniper                  44.5 ->  46.5  -1 Grass Energy +1 Team Rocket's Archer
[r5  54/165  15526s] ACCEPT Regal Cheer Aggro                 31.5 ->  34.3  -1 Grass Energy +1 Glass Trumpet
[r5  55/165  15545s] ACCEPT Solar Bank                        43.7 ->  47.4  -1 Iron Leaves +1 Growing Grass Energy
[r5  56/165  15565s] ACCEPT Swarm of the Hive                 46.5 ->  48.6  -1 Wo-Chien +1 Tyme
[r5  57/165  15584s] ACCEPT Buzzing Boost Shuttle             46.7 ->  51.0  -1 Grass Energy +1 Harlequin
[r5  58/165  15603s] ACCEPT Juggernaut Wall                   67.5 ->  71.1  -1 Grass Energy +1 Jacinthe
[r5  59/165  15622s] ACCEPT Energy Gift Express               28.0 ->  30.1  -1 Grass Energy +1 Glass Trumpet
[r5  60/165  15641s] ACCEPT Arrow of Denial                   40.2 ->  44.9  -1 Sinistcha +1 Virizion
[r5  61/165  15660s] ACCEPT Rapid Vernier Nova                39.2 ->  44.5  -1 Virizion +1 Jacinthe
[r5  62/165  15681s] ACCEPT Bottom-Deck Gambit                51.6 ->  53.0  -1 Caterpie +1 Buddy-Buddy Poffin
[r5  63/165  15700s] ACCEPT Steeped Discard                   51.2 ->  53.9  -1 Grass Energy +1 Glass Trumpet
[r5  64/165  15720s] ACCEPT Vengeful Attrition                50.0 ->  55.7  -1 Virizion +1 Rosa's Encouragement
[r5  65/165  15739s] ACCEPT Mega Meganium Bouquet             59.3 ->  63.2  -1 Meganium +1 Growing Grass Energy
[r5  66/165  15759s]   ---- Hydrapple Syrup Storm             57.5 ->  58.1  
[r5  67/165  15779s] ACCEPT Bench Fortress                    55.3 ->  59.6  -1 Crustle +1 Virizion
[r5  68/165  15806s]   ---- Eelektrik Recursion               64.0 ->  64.8  
[r5  69/165  15832s] ACCEPT Overvolt Overload                 72.2 ->  74.4  -1 Lightning Energy +1 Jacinthe
[r5  70/165  15864s] ACCEPT Iono's Streamer                   54.9 ->  56.7  -1 Lightning Energy +1 Energy Coin
[r5  71/165  15895s] ACCEPT Manectric Aggro                   61.4 ->  62.6  -1 Zeraora +1 Drasna
[r5  72/165  15926s] ACCEPT Luxray Nuke                       62.6 ->  65.4  -1 Lightning Energy +1 Dawn
[r5  73/165  15953s]   ---- Iron Thorns Lock                  67.1 ->  67.5  
[r5  74/165  15980s] ACCEPT Kilowattrel Pivot                 67.5 ->  69.5  -1 Lightning Energy +1 Glass Trumpet
[r5  75/165  16007s]   ---- Hop's Pincurchin                  55.7 ->  56.5  
[r5  76/165  16033s] ACCEPT Tapu Koko Swarm                   61.0 ->  64.2  -1 Lightning Energy +1 Dawn
[r5  77/165  16061s] ACCEPT Zekrom Comeback                   63.6 ->  65.7  -1 Lightning Energy +1 Jumbo Ice Cream
[r5  78/165  16091s] ACCEPT Rotom Tool                        54.5 ->  58.3  -1 Lightning Energy +1 Spiky Energy
[r5  79/165  16118s] ACCEPT Miraidon Hadron                   65.7 ->  68.1  -1 Thundurus +1 Zapdos
[r5  80/165  16135s] ACCEPT Steven's Steel Sanctuary          58.9 ->  60.4  -1 Mesprit +1 Glass Trumpet
[r5  81/165  16154s] ACCEPT Alloy Bulwark                     41.9 ->  48.8  -1 Metal Energy +1 Glass Trumpet
[r5  82/165  16175s] ACCEPT Regi-Charge Attrition             57.1 ->  58.9  -1 Duraludon +1 Glass Trumpet
[r5  83/165  16196s] ACCEPT Emperor's Stance Wall             49.0 ->  51.6  -1 Metal Energy +1 Team Rocket's Archer
[r5  84/165  16215s] ACCEPT Alloy Overdrive                   48.2 ->  51.0  -1 Metal Energy +1 Glass Trumpet
[r5  85/165  16235s] ACCEPT Bench Battery                     60.8 ->  63.8  -1 Duraludon +1 Philippe
[r5  86/165  16257s] ACCEPT Hop's Champion Rush               36.0 ->  41.9  -1 Metal Energy +1 Powerglass
[r5  87/165  16277s]   ---- Steel Armament Blitz              24.0 ->  24.8  
[r5  88/165  16299s] ACCEPT Metallic Signal Toolbox           46.5 ->  51.0  -1 Heatran +1 Rosa's Encouragement
[r5  89/165  16320s] ACCEPT Chrono Draw Engine                34.6 ->  37.6  -1 Heatran +1 Crispin
[r5  90/165  16341s]   ---- Prize Snowball                    70.5 ->  71.1  
[r5  91/165  16361s] ACCEPT Static Cling Combo                22.0 ->  23.0  -1 Duraludon +1 Night Stretcher
[r5  92/165  16380s] ACCEPT Cinderace Snipe                   60.2 ->  64.6  -1 Fighting Energy +1 Harlequin
[r5  93/165  16398s] ACCEPT Salamence Splash                  54.3 ->  56.3  -1 Fire Energy +1 Harlequin
[r5  94/165  16421s] ACCEPT Galvantula Item-Lock              58.3 ->  62.4  -1 Throh +1 Iris's Fighting Spirit
[r5  95/165  16440s]   ---- Alolan Exeggutor KO-Flip          57.9 ->  57.3  
[r5  96/165  16465s]   ---- Miraidon Future                   68.3 ->  68.9  
[r5  97/165  16483s] ACCEPT Flygon Anti-Ex                    63.0 ->  64.6  -1 Rocky Fighting Energy +1 Mega Zygarde ex
[r5  98/165  16503s] ACCEPT Mega Dragalge Poison              64.0 ->  69.7  -1 Froslass +1 Bubbly Water Energy
[r5  99/165  16521s] ACCEPT Palossand Control                 51.0 ->  57.5  -1 Mesprit +1 Harlequin
[r5 100/165  16540s] ACCEPT Tatsugiri Toolbox                 36.2 ->  39.8  -1 Volcanion +1 Glass Trumpet
[r5 101/165  16568s] ACCEPT Mega Latias Nuke                  61.8 ->  63.6  -1 Psychic Energy +1 Spiky Energy
[r5 102/165  16589s] ACCEPT Mega Skarmory Snipe                8.9 ->  10.6  -1 Registeel +1 Earthen Vessel
[r5 103/165  16609s]   ---- Revavroom Hit-and-Run             45.7 ->  46.1  
[r5 104/165  16630s] ACCEPT Scizor Flex                       41.3 ->  43.9  -1 Metal Energy +1 Glass Trumpet
[r5 105/165  16652s] ACCEPT Melmetal Axe                      39.4 ->  43.9  -1 Duraludon +1 Glass Trumpet
[r5 106/165  16673s] ACCEPT Metal Maker Ramp                  31.1 ->  33.9  -1 Duraludon +1 Rosa's Encouragement
[r5 107/165  16696s] ACCEPT Symphonia Flood                   54.1 ->  55.3  -1 Tapu Lele +1 Iron Boulder
[r5 108/165  16716s] ACCEPT Warded Symphonia                  45.7 ->  48.4  -1 Psychic Energy +1 Mr. Mime
[r5 109/165  16735s] ACCEPT Scattergun Ward                   59.1 ->  60.8  -1 Mesprit +1 Eternatus
[r5 110/165  16753s] ACCEPT Cobalt Crossfire                  19.7 ->  21.7  -1 Xerneas +1 Buddy-Buddy Poffin
[r5 111/165  16771s] ACCEPT Waltz of Whispers                 56.3 ->  60.0  -1 Iron Valiant +1 Jacinthe
[r5 112/165  16792s] ACCEPT Deep Prison                       43.9 ->  46.1  -1 Psychic Energy +1 Mist Energy
[r5 113/165  16811s] ACCEPT Fairy-Slayer                      51.4 ->  56.3  -1 Enamorus +1 Iron Boulder
[r5 114/165  16833s] ACCEPT Full Hand Nova                    49.4 ->  50.4  -1 Spectrier +1 Telepathic Psychic Energy
[r5 115/165  16852s] ACCEPT Curtain-Riser                     41.1 ->  47.4  -1 Zacian +1 Iron Boulder
[r5 116/165  16870s] ACCEPT Silent Scream                     31.5 ->  37.0  -1 Psychic Energy +1 Glass Trumpet
[r5 117/165  16890s]   ---- Sweet Stall                       45.5 ->  45.3  
[r5 118/165  16912s] ACCEPT Detonation Coat                   64.8 ->  69.3  -1 Iron Valiant +1 Rosa's Encouragement
[r5 119/165  16931s] ACCEPT Coin-Flip Reaper                  25.4 ->  27.2  -1 Psychic Energy +1 Glass Trumpet
[r5 120/165  16951s] ACCEPT Mercy for All                     49.6 ->  54.9  -1 Gothitelle +1 Iron Boulder
[r5 121/165  16969s] ACCEPT Battle-Scarred Bench              68.9 ->  70.9  -1 Zacian +1 Iron Boulder
[r5 122/165  16992s]   ---- Flutter Lock                      54.7 ->  55.5  
[r5 123/165  17009s] ACCEPT Bubble Balloon                    51.4 ->  53.9  -1 Enamorus +1 Iron Boulder
[r5 124/165  17032s] ACCEPT Burn Engine                       52.2 ->  53.5  -1 Fire Energy +1 Crispin
[r5 125/165  17048s] ACCEPT Ethan's Turbo                     50.0 ->  52.2  -1 Fire Energy +1 Glass Trumpet
[r5 126/165  17067s]   ---- Emboar Overload                   50.8 ->  51.6  
[r5 127/165  17088s] ACCEPT Pyroar Wall                       50.6 ->  54.1  -1 Volcanion +1 Professor Sada's Vitality
[r5 128/165  17106s] ACCEPT Volcanion Spread-Burn             57.1 ->  62.8  -1 Magmortar +1 Rocky Fighting Energy
[r5 129/165  17126s] ACCEPT Reshiram Comeback                 56.7 ->  63.0  -1 Druddigon +1 Rosa's Encouragement
[r5 130/165  17149s] ACCEPT Incineroar Bench-Punish           50.2 ->  53.0  -1 Fire Energy +1 Drasna
[r5 131/165  17170s] ACCEPT Salazzle Toolbox                  48.4 ->  51.8  -1 Heatmor +1 Glass Trumpet
[r5 132/165  17189s] ACCEPT Hearthflame Anti-Evolution        31.1 ->  38.6  -1 Iron Moth +1 Glass Trumpet
[r5 133/165  17208s]   ---- Magcargo Mill-Burn                51.6 ->  52.2  
[r5 134/165  17226s] ACCEPT Scovillain Rage                   53.0 ->  54.7  -1 Grass Energy +1 Harlequin
[r5 135/165  17245s] ACCEPT Gouging Fire Pivot                56.7 ->  60.8  -1 Fire Energy +1 Professor Sada's Vitality
[r5 136/165  17262s]   ---- Oricorio Support-Trap             30.9 ->  31.7  
[r5 137/165  17282s] ACCEPT Reshiram Fire Wing                57.9 ->  62.4  -1 Fire Energy +1 Crispin
[r5 138/165  17299s] ACCEPT Retaliation Burn                  48.4 ->  52.6  -1 Fire Energy +1 Rosa's Encouragement
[r5 139/165  17318s]   ---- TR Spread                         54.5 ->  54.7  
[r5 140/165  17337s]   ---- TR Nido Family                    50.4 ->  49.4  
[r5 141/165  17361s] ACCEPT TR Persian Copycat                53.0 ->  55.7  -1 Darkness Energy +1 Team Rocket's Archer
[r5 142/165  17379s] ACCEPT TR Rocket Rush Swarm              40.2 ->  42.9  -1 Darkness Energy +1 Glass Trumpet
[r5 143/165  17398s] ACCEPT TR Condition Stack                55.1 ->  61.2  -1 Mesprit +1 Carmine
[r5 144/165  17420s] ACCEPT TR Disruption Lock                64.0 ->  65.2  -1 Eternatus +1 Mist Energy
[r5 145/165  17442s] ACCEPT TR Moltres Removal                52.4 ->  54.1  -1 Eternatus +1 Rosa's Encouragement
[r5 146/165  17461s] ACCEPT Starmie Jetstream Rush            76.0 ->  80.3  -1 Samurott +1 Bubbly Water Energy
[r5 147/165  17486s] ACCEPT Croconaw Chip, Mega Crunch        65.7 ->  67.9  -1 Water Energy +1 Team Rocket's Archer
[r5 148/165  17506s] ACCEPT Starmie Tundra Fortress           65.9 ->  70.9  -1 Glastrier +1 Energy Retrieval
[r5 149/165  17530s] ACCEPT Samurott's Ambush                 37.4 ->  40.7  -1 Amaura +1 Buddy-Buddy Poffin
[r5 150/165  17553s] ACCEPT Frozen Fortress                   34.3 ->  36.6  -1 Water Energy +1 Professor's Research
[r5 151/165  17573s] ACCEPT Hydro Turn Hit-and-Run            39.4 ->  40.4  -1 Water Energy +1 Crispin
[r5 152/165  17596s] ACCEPT Deep Current Overload             50.6 ->  56.7  -1 Articuno +1 Crispin
[r5 153/165  17615s] ACCEPT Serene Slumber                    37.4 ->  41.9  -1 Glastrier +1 Misty's Staryu
[r5 154/165  17641s] ACCEPT Purge and Plunder                 39.4 ->  41.1  -1 Eiscue +1 Cyrano
[r5 155/165  17665s] ACCEPT Misty's Deep Freeze               26.8 ->  30.1  -1 Water Energy +1 Professor Sada's Vitality
[r5 156/165  17692s] ACCEPT Avalanche Flood                   61.8 ->  66.9  -1 Beartic +1 Bubbly Water Energy
[r5 157/165  17711s] ACCEPT Wellspring Reload                 34.8 ->  37.8  -1 Water Energy +1 Crispin
[r5 158/165  17733s] ACCEPT Dondozo's Gambit                  39.8 ->  42.9  -1 Articuno +1 Team Rocket's Archer
[r5 159/165  17755s] ACCEPT Paradox Sandman                   29.9 ->  33.1  -1 Articuno +1 N's PP Up
[r5 160/165  17776s] ACCEPT Prize Blizzard                    46.7 ->  48.8  -1 Glastrier +1 Crispin
[r5 161/165  17797s] ACCEPT Frostbite Recoil                  37.8 ->  41.9  -1 Glastrier +1 Jacinthe
[r5 162/165  17822s] ACCEPT Tricolor Burst — Experimental     41.7 ->  45.3  -1 Keldeo +1 Glass Trumpet
[r5 163/165  17848s] ACCEPT Zero to Hero                      46.7 ->  49.4  -1 Articuno +1 Glass Trumpet
[r5 164/165  17870s] ACCEPT Wash Out Current                  61.6 ->  64.0  -1 Clawitzer +1 Bubbly Water Energy
[r5 165/165  17892s] ACCEPT Vibrant Wall                      43.9 ->  45.7  -1 Water Energy +1 Crispin
=== round 5 done: 142 changes | top: Starmie Jetstream Rush 81.1% | median 53.05% ===
=== ALL ROUNDS COMPLETE ===
