pauper-optimizing 117 decks | 3 games/pairing | cap=120 | 5 rounds | target 20/25/15 penalty(slack 4, k 0.5) | diversity(cubic: 5%~1.25pt 10%=10pt 20%=80pt)
[r1   1/117     24s] ACCEPT Decidueye                   33.6 ->  36.7  (20/25/15)  swap chain Virizion -> Ninjask
[r1   2/117     47s] ACCEPT Lurantis                    34.3 ->  36.9  (20/26/14)  -1 Boss's Orders +1 Grass Energy
[r1   3/117     72s] ACCEPT Rillaboom                   47.3 ->  49.6  (17/28/15)  -1 Grass Energy +1 Crispin
[r1   4/117     99s]   ---- Beautifly                   47.0 ->  47.6  (17/28/15)  
[r1   5/117    120s] ACCEPT Vivillon                     6.3 ->  26.8  (19/27/14)  swap chain Komala -> Audino
[r1   6/117    142s]   ---- Shiftry                     55.4 ->  55.7  (17/27/16)  
[r1   7/117    165s] ACCEPT Ludicolo                    38.7 ->  46.5  (17/28/15)  -1 Cheren +1 Grass Energy
[r1   8/117    184s]   ---- Exeggutor                   47.0 ->  46.5  (18/23/19)  
[r1   9/117    207s]   ---- Breloom                     39.6 ->  40.5  (17/26/17)  
[r1  10/117    232s] ACCEPT Ninjask                     34.5 ->  43.6  (22/21/17)  swap chain Komala -> Accelgor
[r1  11/117    256s] ACCEPT Sawsbuck                    20.4 ->  36.3  (20/22/18)  swap chain Komala -> Snorlax
[r1  12/117    279s] ACCEPT Sunflora                    40.2 ->  41.6  (18/25/17)  swap chain Komala -> Tauros
[r1  13/117    306s] ACCEPT Ceruledge                   27.0 ->  28.5  (22/23/15)  -1 Fire Energy +1 Team Rocket's Wa
[r1  14/117    326s] ACCEPT Centiskorch                 44.2 ->  45.6  (19/24/17)  -1 Fire Energy +1 Billy & O'Nare
[r1  15/117    354s]   ---- Camerupt                    42.9 ->  43.8  (20/21/19)  
[r1  16/117    373s]   ---- Darmanitan                  51.8 ->  51.5  (18/24/18)  
[r1  17/117    393s] ACCEPT Simisear                    44.6 ->  51.2  (17/23/20)  +1 Volcanion / -1 Simisear
[r1  18/117    417s]   ---- Team Rocket's Houndoom      65.6 ->  66.5  (16/23/21)  
[r1  19/117    437s] ACCEPT Talonflame                  30.9 ->  39.9  (17/27/16)  swap chain Komala -> Iron Jugulis
[r1  20/117    457s] ACCEPT Ninetales                   60.7 ->  63.0  (18/24/18)  -1 Fire Energy +1 Call Bell
[r1  21/117    480s]   ---- Charmeleon                  58.2 ->  58.2  (18/22/20)  
[r1  22/117    503s]   ---- Ethan's Quilava             53.8 ->  54.1  (18/23/19)  
[r1  23/117    527s] ACCEPT Volcarona                   53.8 ->  55.1  (17/24/19)  swap chain Iron Moth -> Tauros
[r1  24/117    551s]   ---- Rapidash                    55.9 ->  55.3  (18/23/19)  
[r1  25/117    576s] ACCEPT Inteleon                    58.5 ->  60.8  (17/24/19)  -1 Boss's Orders +1 Water Energy
[r1  26/117    597s] ACCEPT Walrein                     52.1 ->  53.5  (17/25/18)  swap chain Braviary -> Bruxish
[r1  27/117    618s]   ---- Quaquaval                   63.3 ->  61.5  (17/23/20)  
[r1  28/117    643s] ACCEPT Poliwrath                   49.5 ->  52.4  (17/26/17)  remove chain Tornadus
[r1  29/117    665s] ACCEPT Octillery                   33.9 ->  35.5  (18/23/19)  swap chain Komala -> Braviary
[r1  30/117    685s] ACCEPT Avalugg                     31.8 ->  37.9  (19/24/17)  swap chain Diggersby -> Seismitoad
[r1  31/117    707s] ACCEPT Iron Bundle                 27.9 ->  33.2  (19/22/19)  swap chain Drampa -> Cetitan
[r1  32/117    730s] ACCEPT Frosmoth                    54.1 ->  56.7  (18/24/18)  -1 Water Energy +1 Lana's Aid
[r1  33/117    754s] ACCEPT Crawdaunt                   36.6 ->  38.4  (19/23/18)  swap chain Miltank -> Suicune
[r1  34/117    777s] ACCEPT Mamoswine                   47.7 ->  49.7  (17/24/19)  swap chain Tropius -> Furfrou
[r1  35/117    802s] ACCEPT Misty's Starmie             49.8 ->  51.5  (19/24/17)  -1 Cheren +1 Water Energy
[r1  36/117    821s]   ---- Crabominable                39.8 ->  35.7  (18/26/16)  
[r1  37/117    848s] ACCEPT Electivire                  49.3 ->  51.6  (21/28/11)  -1 Lightning Energy +1 Lillie's Pe
[r1  38/117    872s]   ---- Magnezone                   51.2 ->  51.5  (22/27/11)  
[r1  39/117    894s] ACCEPT Vikavolt                    67.7 ->  68.8  (17/26/17)  swap chain Rotom -> Stunfisk
[r1  40/117    918s] ACCEPT Eelektross                  64.0 ->  65.4  (17/26/17)  -1 Lightning Energy +1 Fighting Go
[r1  41/117    939s]   ---- Alolan Golem                52.4 ->  53.3  (22/26/12)  
[r1  42/117    961s] ACCEPT Manectric                   46.9 ->  51.1  (16/25/19)  swap chain Miraidon -> Zeraora
[r1  43/117    987s]   ---- Lanturn                     44.8 ->  45.4  (23/23/14)  
[r1  44/117   1005s] ACCEPT Bellibolt                   55.0 ->  62.2  (18/22/20)  swap chain Squawkabilly -> Fearow
[r1  45/117   1030s] ACCEPT Kilowattrel                 47.1 ->  50.6  (24/22/14)  -1 Cheren +1 Lightning Energy
[r1  46/117   1052s]   ---- Raichu                      60.0 ->  58.8  (20/26/14)  
[r1  47/117   1076s]   ---- Team Rocket's Ampharos      52.4 ->  52.1  (17/25/18)  
[r1  48/117   1098s]   ---- Zeraora                     69.0 ->  66.1  (17/27/16)  
[r1  49/117   1132s]   ---- Steven's Claydol            59.8 ->  60.6  (19/22/19)  
[r1  50/117   1155s] ACCEPT Grimmsnarl                  42.1 ->  49.9  (17/26/17)  -1 Psychic Energy +1 Cheren
[r1  51/117   1186s] ACCEPT Mesprit                     32.1 ->  37.0  (19/22/19)  -1 Professor's Research +1 Psychic
[r1  52/117   1209s]   ---- Florges                     47.8 ->  45.8  (17/26/17)  
[r1  53/117   1238s]   ---- Musharna                    52.2 ->  52.7  (19/23/18)  
[r1  54/117   1257s]   ---- Reuniclus                   47.2 ->  44.9  (16/25/19)  
[r1  55/117   1279s] ACCEPT Azumarill                   30.4 ->  33.0  (18/25/17)  -1 Psychic Energy +1 Jacinthe
[r1  56/117   1305s] ACCEPT Slurpuff                    48.6 ->  53.2  (19/22/19)  -1 Boss's Orders +1 Psychic Energy
[r1  57/117   1324s]   ---- Drifblim                    43.5 ->  43.4  (15/25/20)  
[r1  58/117   1347s] ACCEPT Espathra                    48.3 ->  49.9  (19/22/19)  swap chain Mr. Mime -> Iron Juguli
[r1  59/117   1378s] ACCEPT Iron Valiant                53.1 ->  55.6  (18/23/19)  -1 Psychic Energy +1 Hole-Digging 
[r1  60/117   1402s]   ---- Deoxys                      58.1 ->  56.9  (19/23/18)  
[r1  61/117   1422s] ACCEPT Medicham                    37.3 ->  41.0  (21/21/18)  -1 Fighting Energy +1 Team Rocket'
[r1  62/117   1443s]   ---- Annihilape                  52.0 ->  51.9  (20/26/14)  
[r1  63/117   1466s] ACCEPT Conkeldurr                  36.7 ->  38.7  (17/29/14)  -1 Fighting Energy +1 Mist Energy
[r1  64/117   1488s] ACCEPT Sawk                        55.3 ->  57.3  (20/23/17)  -1 Fighting Energy +1 Kofu
[r1  65/117   1514s] ACCEPT Excadrill                   30.7 ->  37.7  (18/23/19)  swap chain Kecleon -> Sandslash
[r1  66/117   1534s] ACCEPT Toxicroak                   50.9 ->  53.2  (20/23/17)  swap chain Scyther -> Hawlucha
[r1  67/117   1553s]   ---- Probopass                   56.1 ->  57.0  (18/25/17)  
[r1  68/117   1577s] ACCEPT Solrock                     52.4 ->  56.4  (17/25/18)  -1 Fighting Energy +1 Hilda
[r1  69/117   1600s] ACCEPT Garganacl                   57.3 ->  59.9  (19/27/14)  -1 Fighting Energy +1 Energy Coin
[r1  70/117   1624s] ACCEPT Throh                       48.7 ->  52.5  (19/24/17)  swap chain Hitmontop -> Tyrogue
[r1  71/117   1644s] ACCEPT Gigalith                    35.5 ->  40.6  (17/25/18)  -1 Professor's Research +1 Fightin
[r1  72/117   1663s] ACCEPT Sandslash                   56.7 ->  57.8  (16/23/21)  -1 Ultra Ball +1 Fighting Energy
[r1  73/117   1681s] ACCEPT Crobat                      55.1 ->  57.7  (17/26/17)  -1 Ultra Ball +1 Darkness Energy
[r1  74/117   1705s] ACCEPT Team Rocket's Nidoqueen     63.3 ->  65.6  (18/28/14)  -1 Darkness Energy +1 Hilda
[r1  75/117   1726s]   ---- Krookodile                  57.1 ->  56.3  (17/26/17)  
[r1  76/117   1752s] ACCEPT Galarian Obstagoon          49.8 ->  54.7  (17/26/17)  -1 Ultra Ball +1 Darkness Energy
[r1  77/117   1776s] ACCEPT Lokix                       54.4 ->  61.5  (18/24/18)  -1 Darkness Energy +1 Punk Helmet
[r1  78/117   1804s] ACCEPT Pangoro                     54.3 ->  57.3  (17/24/19)  add chain Spiritomb
[r1  79/117   1830s] ACCEPT Seviper                     43.4 ->  48.3  (19/26/15)  -1 Darkness Energy +1 Punk Helmet
[r1  80/117   1853s] ACCEPT Marnie's Scrafty            40.6 ->  42.0  (16/25/19)  -1 Darkness Energy +1 Crispin
[r1  81/117   1878s] ACCEPT Scolipede                   47.7 ->  50.5  (17/27/16)  -1 Darkness Energy +1 Energy Searc
[r1  82/117   1902s] ACCEPT Liepard                     47.3 ->  49.9  (19/25/16)  -1 Professor's Research +1 Darknes
[r1  83/117   1927s] ACCEPT Eternatus                   59.5 ->  66.5  (20/22/18)  swap chain Kecleon -> Krookodile
[r1  84/117   1954s] ACCEPT Team Rocket's Muk           45.5 ->  51.1  (21/23/16)  swap chain Marnie's Morpeko -> Arb
[r1  85/117   1972s] ACCEPT Tinkaton                    54.8 ->  56.2  (17/27/16)  -1 Metal Energy +1 Iris's Fighting
[r1  86/117   1994s]   ---- Escavalier                  56.1 ->  55.2  (20/28/12)  
[r1  87/117   2017s] ACCEPT Metagross                   57.3 ->  60.7  (16/25/19)  -1 Professor's Research +1 Metal E
[r1  88/117   2038s]   ---- Hop's Corviknight           55.7 ->  55.2  (17/26/17)  
[r1  89/117   2056s] ACCEPT Aegislash                   34.7 ->  35.9  (20/27/13)  -1 Metal Energy +1 Earthen Vessel
[r1  90/117   2077s] ACCEPT Aggron                      38.0 ->  40.6  (17/26/17)  -1 Metal Energy +1 Mist Energy
[r1  91/117   2099s] ACCEPT N's Klinklang               46.9 ->  51.5  (17/24/19)  swap chain Snorlax -> Iron Jugulis
[r1  92/117   2122s] ACCEPT Bisharp                     45.4 ->  46.9  (22/23/15)  swap chain Dunsparce -> Purugly
[r1  93/117   2141s]   ---- Iron Treads                 63.2 ->  62.1  (16/27/17)  
[r1  94/117   2165s] ACCEPT Copperajah                  46.6 ->  50.4  (19/24/17)  swap chain Steven's Skarmory -> Ho
[r1  95/117   2185s]   ---- Archaludon                  53.1 ->  52.3  (18/23/19)  
[r1  96/117   2209s] ACCEPT Forretress                  49.3 ->  50.5  (15/26/19)  swap chain Copperajah -> Registeel
[r1  97/117   2229s] ACCEPT Diggersby (Colorless)       43.0 ->  53.6  (19/22/19)  -1 Professor's Research +1 Psychic
[r1  98/117   2253s] ACCEPT Alolan Dugtrio (Colorless)  42.0 ->  43.1  (18/23/19)  -1 Psychic Energy +1 Brock's Scout
[r1  99/117   2280s] ACCEPT Hop's Cramorant (Colorless  37.9 ->  41.0  (17/23/20)  swap chain Frillish -> Onix
[r1 100/117   2301s] ACCEPT Unfezant (Colorless)        34.4 ->  35.6  (17/26/17)  -1 Psychic Energy +1 Spiky Energy
[r1 101/117   2323s] ACCEPT Team Rocket's Raticate (Co  33.1 ->  40.5  (16/25/19)  -1 Psychic Energy +1 Professor Tur
[r1 102/117   2348s] ACCEPT Fan Rotom (Colorless)       33.5 ->  35.3  (20/23/17)  swap chain Chansey -> Ledyba
[r1 103/117   2373s]   ---- Watchog (Colorless)         46.9 ->  46.9  (18/23/19)  
[r1 104/117   2396s] ACCEPT Linoone (Colorless)         36.3 ->  39.6  (15/23/22)  -1 Professor's Research +1 Psychic
[r1 105/117   2420s]   ---- Seaking (Colorless)         50.2 ->  50.9  (21/21/18)  
[r1 106/117   2447s] ACCEPT Snorlax (Colorless)         52.2 ->  55.1  (22/21/17)  swap chain Fidough -> Slurpuff
[r1 107/117   2475s]   ---- Miltank (Colorless)         45.8 ->  45.6  (18/23/19)  
[r1 108/117   2500s] ACCEPT Lycanroc (Colorless)        34.7 ->  43.5  (20/23/17)  swap chain Farfetch'd -> Mr. Mime
[r1 109/117   2523s] ACCEPT Boltund (Colorless)         45.5 ->  48.0  (18/23/19)  -1 Psychic Energy +1 Switch
[r1 110/117   2544s]   ---- Cinccino (Colorless)        38.3 ->  39.1  (17/23/20)  
[r1 111/117   2569s]   ---- Eon Dragons                 42.6 ->  42.4  (17/26/17)  
[r1 112/117   2594s] ACCEPT Ember Dragons               35.3 ->  38.4  (16/25/19)  -1 Fire Energy +1 Lisia's Appeal
[r1 113/117   2622s] ACCEPT Frost Dragons               44.3 ->  50.8  (18/23/19)  swap chain Tauros -> Tornadus
[r1 114/117   2645s] ACCEPT Storm Dragons               41.7 ->  42.9  (18/22/20)  -1 Ultra Ball +1 Water Energy
[r1 115/117   2671s] ACCEPT Iron Dragons                29.7 ->  34.0  (18/26/16)  -1 Fighting Energy +1 Cook
[r1 116/117   2697s] ACCEPT Dusk Dragons                42.3 ->  43.7  (18/24/18)  -1 Ultra Ball +1 Darkness Energy
[r1 117/117   2721s] ACCEPT Phantom Dragons             41.2 ->  44.7  (18/24/18)  -1 Psychic Energy +1 Drayton
=== round 1 done: 81 changes | top Vikavolt 70.4 | median 54.02 | 199 distinct chains ===
[r2   1/117   2767s] ACCEPT Decidueye                   31.9 ->  34.7  (17/25/18)  revert->v0
[r2   2/117   2789s] ACCEPT Lurantis                    34.9 ->  37.0  (20/26/14)  swap chain Virizion -> Tornadus
[r2   3/117   2813s] ACCEPT Rillaboom                   37.8 ->  44.4  (17/27/16)  -1 Professor's Research +1 Grass E
[r2   4/117   2840s] ACCEPT Beautifly                   38.5 ->  43.0  (17/28/15)  swap chain Iron Jugulis -> Tornadu
[r2   5/117   2862s] ACCEPT Vivillon                    25.2 ->  28.4  (19/27/14)  +1 Nincada / -1 Oddish
[r2   6/117   2882s]   ---- Shiftry                     49.8 ->  50.6  (17/27/16)  
[r2   7/117   2905s] ACCEPT Ludicolo                    41.4 ->  46.0  (17/28/15)  swap chain Tauros -> Drampa
[r2   8/117   2924s]   ---- Exeggutor                   44.3 ->  42.6  (18/23/19)  
[r2   9/117   2948s] ACCEPT Breloom                     38.7 ->  41.6  (17/26/17)  swap chain Miltank -> Virizion
[r2  10/117   2973s] ACCEPT Ninjask                     41.5 ->  49.9  (19/21/20)  revert->v0
[r2  11/117   2999s] ACCEPT Sawsbuck                    30.9 ->  37.5  (19/22/19)  swap chain Accelgor -> Wailmer
[r2  12/117   3024s] ACCEPT Sunflora                    39.0 ->  41.7  (21/25/14)  swap chain Tauros -> Roserade
[r2  13/117   3054s] ACCEPT Ceruledge                   26.2 ->  28.2  (22/22/16)  revert->v0
[r2  14/117   3074s]   ---- Centiskorch                 44.7 ->  45.3  (19/24/17)  
[r2  15/117   3102s] ACCEPT Camerupt                    37.4 ->  41.2  (20/21/19)  -1 Fire Energy +1 Mist Energy
[r2  16/117   3121s]   ---- Darmanitan                  50.3 ->  50.9  (18/24/18)  
[r2  17/117   3142s] ACCEPT Simisear                    45.2 ->  47.4  (17/24/19)  -1 Fire Energy +1 Earthen Vessel
[r2  18/117   3166s]   ---- Team Rocket's Houndoom      67.0 ->  65.3  (16/23/21)  
[r2  19/117   3189s] ACCEPT Talonflame                  33.3 ->  40.2  (17/27/16)  swap chain Volbeat -> Kecleon
[r2  20/117   3209s] ACCEPT Ninetales                   62.1 ->  63.3  (18/25/17)  -1 Fire Energy +1 Waitress
[r2  21/117   3232s]   ---- Charmeleon                  56.2 ->  55.6  (18/22/20)  
[r2  22/117   3255s]   ---- Ethan's Quilava             51.6 ->  50.1  (18/23/19)  
[r2  23/117   3280s]   ---- Volcarona                   59.0 ->  56.7  (17/24/19)  
[r2  24/117   3304s]   ---- Rapidash                    59.3 ->  58.7  (18/23/19)  
[r2  25/117   3327s] ACCEPT Inteleon                    59.4 ->  61.1  (17/25/18)  -1 Water Energy +1 Cheren
[r2  26/117   3351s] ACCEPT Walrein                     47.5 ->  54.9  (17/26/17)  -1 Water Energy +1 Friends in Pald
[r2  27/117   3372s] ACCEPT Quaquaval                   59.7 ->  60.9  (17/23/20)  swap chain Tornadus -> Iron Juguli
[r2  28/117   3397s]   ---- Poliwrath                   55.3 ->  55.6  (17/26/17)  
[r2  29/117   3417s] ACCEPT Octillery                   34.4 ->  36.2  (18/23/19)  swap chain Cubchoo -> Onix
[r2  30/117   3440s] ACCEPT Avalugg                     31.0 ->  36.2  (19/24/17)  +1 Glastrier / -1 Avalugg
[r2  31/117   3462s] ACCEPT Iron Bundle                 28.4 ->  32.3  (19/22/19)  swap chain Fidough -> Bruxish
[r2  32/117   3486s]   ---- Frosmoth                    53.9 ->  54.7  (18/24/18)  
[r2  33/117   3509s]   ---- Crawdaunt                   34.7 ->  35.4  (19/23/18)  
[r2  34/117   3532s] ACCEPT Mamoswine                   43.5 ->  45.8  (17/24/19)  swap chain Iron Jugulis -> Eiscue
[r2  35/117   3557s] ACCEPT Misty's Starmie             42.2 ->  44.8  (19/24/17)  swap chain Larry's Dunsparce -> Jy
[r2  36/117   3576s] ACCEPT Crabominable                34.6 ->  38.3  (18/26/16)  -1 Water Energy +1 Spiky Energy
[r2  37/117   3603s] ACCEPT Electivire                  46.3 ->  55.5  (21/27/12)  revert->v0
[r2  38/117   3626s]   ---- Magnezone                   51.6 ->  51.5  (22/27/11)  
[r2  39/117   3648s] ACCEPT Vikavolt                    66.7 ->  69.8  (17/26/17)  swap chain Stunfisk -> Rotom
[r2  40/117   3672s] ACCEPT Eelektross                  63.4 ->  67.7  (17/27/16)  -1 Lightning Energy +1 Buddy-Buddy
[r2  41/117   3693s] ACCEPT Alolan Golem                50.7 ->  56.1  (22/26/12)  swap chain Miraidon -> Iron Hands
[r2  42/117   3716s] ACCEPT Manectric                   47.6 ->  48.8  (16/26/18)  -1 Lightning Energy +1 AZ's Tranqu
[r2  43/117   3743s] ACCEPT Lanturn                     47.6 ->  50.2  (23/22/15)  -1 Boss's Orders +1 Lightning Ener
[r2  44/117   3761s] ACCEPT Bellibolt                   53.9 ->  61.2  (18/22/20)  swap chain Fearow -> Roserade
[r2  45/117   3786s]   ---- Kilowattrel                 48.5 ->  49.3  (24/22/14)  
[r2  46/117   3809s]   ---- Raichu                      60.8 ->  61.7  (20/26/14)  
[r2  47/117   3831s] ACCEPT Team Rocket's Ampharos      46.5 ->  48.0  (17/25/18)  swap chain Iron Jugulis -> Komala
[r2  48/117   3855s]   ---- Zeraora                     68.8 ->  66.8  (17/27/16)  
[r2  49/117   3888s]   ---- Steven's Claydol            56.3 ->  57.2  (19/22/19)  
[r2  50/117   3911s] ACCEPT Grimmsnarl                  42.8 ->  45.7  (17/26/17)  swap chain Komala -> Mr. Mime
[r2  51/117   3943s] ACCEPT Mesprit                     33.6 ->  39.6  (19/23/18)  -1 Psychic Energy +1 Lillie's Dete
[r2  52/117   3964s] ACCEPT Florges                     38.5 ->  42.0  (17/26/17)  -1 Psychic Energy +1 Mist Energy
[r2  53/117   3994s] ACCEPT Musharna                    47.5 ->  48.8  (22/23/15)  swap chain Komala -> Purugly
[r2  54/117   4012s] ACCEPT Reuniclus                   47.3 ->  50.5  (16/26/18)  -1 Psychic Energy +1 Energy Retrie
[r2  55/117   4034s] ACCEPT Azumarill                   30.1 ->  36.6  (18/25/17)  swap chain Komala -> Mr. Mime
[r2  56/117   4058s]   ---- Slurpuff                    52.3 ->  52.4  (19/22/19)  
[r2  57/117   4077s] ACCEPT Drifblim                    44.0 ->  47.2  (15/25/20)  swap chain Audino -> Tauros
[r2  58/117   4099s]   ---- Espathra                    49.6 ->  49.6  (19/22/19)  
[r2  59/117   4131s]   ---- Iron Valiant                55.8 ->  56.7  (18/23/19)  
[r2  60/117   4154s] ACCEPT Deoxys                      52.2 ->  57.1  (19/22/19)  -1 Cheren +1 Psychic Energy
[r2  61/117   4174s]   ---- Medicham                    39.2 ->  38.5  (21/21/18)  
[r2  62/117   4195s] ACCEPT Annihilape                  50.6 ->  54.0  (20/27/13)  -1 Fighting Energy +1 Judge
[r2  63/117   4217s]   ---- Conkeldurr                  39.9 ->  40.5  (17/29/14)  
[r2  64/117   4239s]   ---- Sawk                        60.1 ->  56.7  (20/23/17)  
[r2  65/117   4261s] ACCEPT Excadrill                   38.0 ->  41.5  (18/23/19)  swap chain Sandslash -> Gliscor
[r2  66/117   4281s]   ---- Toxicroak                   49.4 ->  49.4  (20/23/17)  
[r2  67/117   4300s] ACCEPT Probopass                   53.6 ->  55.6  (18/26/16)  -1 Fighting Energy +1 Ultra Ball
[r2  68/117   4324s] ACCEPT Solrock                     52.6 ->  54.9  (17/26/17)  -1 Fighting Energy +1 Lana's Aid
[r2  69/117   4347s] ACCEPT Garganacl                   55.6 ->  58.1  (16/27/17)  swap chain Mudsdale -> Tauros
[r2  70/117   4370s] ACCEPT Throh                       48.9 ->  53.8  (19/25/16)  -1 Fighting Energy +1 Hilda
[r2  71/117   4390s] ACCEPT Gigalith                    35.5 ->  42.3  (17/25/18)  swap chain Tyrogue -> Hop's Phantu
[r2  72/117   4409s] ACCEPT Sandslash                   58.4 ->  60.4  (16/24/20)  -1 Fighting Energy +1 Lillie's Det
[r2  73/117   4427s] ACCEPT Crobat                      55.6 ->  59.3  (17/27/16)  -1 Darkness Energy +1 Heavy Baton
[r2  74/117   4451s] ACCEPT Team Rocket's Nidoqueen     62.4 ->  64.4  (18/27/15)  -1 Ultra Ball +1 Darkness Energy
[r2  75/117   4472s] ACCEPT Krookodile                  55.7 ->  57.3  (17/26/17)  swap chain Ethan's Pichu -> Hop's 
[r2  76/117   4497s] ACCEPT Galarian Obstagoon          57.3 ->  60.5  (17/27/16)  -1 Darkness Energy +1 Pokémon Cent
[r2  77/117   4521s]   ---- Lokix                       59.2 ->  59.8  (18/24/18)  
[r2  78/117   4551s] ACCEPT Pangoro                     59.0 ->  60.2  (18/24/18)  swap chain Spiritomb -> Toxel
[r2  79/117   4578s] ACCEPT Seviper                     43.1 ->  45.7  (19/26/15)  swap chain Qwilfish -> Ethan's Pic
[r2  80/117   4601s] ACCEPT Marnie's Scrafty            37.6 ->  45.1  (16/26/18)  -1 Darkness Energy +1 Grimsley's M
[r2  81/117   4626s]   ---- Scolipede                   50.5 ->  50.2  (17/27/16)  
[r2  82/117   4651s] ACCEPT Liepard                     45.5 ->  53.9  (15/25/20)  remove chain Tyrogue
[r2  83/117   4674s]   ---- Eternatus                   64.1 ->  63.8  (20/22/18)  
[r2  84/117   4703s]   ---- Team Rocket's Muk           51.1 ->  50.9  (21/23/16)  
[r2  85/117   4721s] ACCEPT Tinkaton                    54.5 ->  55.9  (17/26/17)  -1 Professor's Research +1 Metal E
[r2  86/117   4742s] ACCEPT Escavalier                  54.3 ->  56.4  (20/29/11)  -1 Metal Energy +1 Philippe
[r2  87/117   4765s] ACCEPT Metagross                   60.0 ->  61.2  (16/26/18)  -1 Metal Energy +1 Jasmine's Gaze
[r2  88/117   4786s] ACCEPT Hop's Corviknight           53.6 ->  56.9  (17/26/17)  swap chain Drampa -> Klefki
[r2  89/117   4803s] ACCEPT Aegislash                   35.6 ->  37.0  (20/28/12)  -1 Metal Energy +1 Naveen
[r2  90/117   4824s]   ---- Aggron                      45.4 ->  44.8  (17/26/17)  
[r2  91/117   4849s] ACCEPT N's Klinklang               52.2 ->  56.0  (17/23/20)  -1 Professor's Research +1 Metal E
[r2  92/117   4872s] ACCEPT Bisharp                     44.9 ->  48.4  (19/23/18)  swap chain Purugly -> Tyrogue
[r2  93/117   4891s]   ---- Iron Treads                 63.6 ->  64.2  (16/27/17)  
[r2  94/117   4915s] ACCEPT Copperajah                  43.3 ->  44.4  (19/23/18)  -1 Professor's Research +1 Metal E
[r2  95/117   4935s] ACCEPT Archaludon                  52.5 ->  54.3  (18/24/18)  -1 Metal Energy +1 Earthen Vessel
[r2  96/117   4959s] ACCEPT Forretress                  48.5 ->  53.1  (15/27/18)  -1 Metal Energy +1 Fennel
[r2  97/117   4979s]   ---- Diggersby (Colorless)       54.5 ->  50.6  (19/22/19)  
[r2  98/117   5003s] ACCEPT Alolan Dugtrio (Colorless)  40.5 ->  42.3  (14/23/23)  remove chain Smoochum
[r2  99/117   5030s] ACCEPT Hop's Cramorant (Colorless  41.5 ->  51.5  (17/23/20)  -1 Psychic Energy +1 Mist Energy
[r2 100/117   5052s] ACCEPT Unfezant (Colorless)        34.0 ->  35.2  (17/27/16)  -1 Psychic Energy +1 Lt. Surge's B
[r2 101/117   5075s] ACCEPT Team Rocket's Raticate (Co  34.5 ->  36.1  (16/25/19)  swap chain Cresselia -> Tauros
[r2 102/117   5099s] ACCEPT Fan Rotom (Colorless)       32.1 ->  33.8  (20/23/17)  swap chain Ledyba -> Tropius
[r2 103/117   5123s] ACCEPT Watchog (Colorless)         41.8 ->  45.8  (18/23/19)  swap chain Dunsparce -> Kangaskhan
[r2 104/117   5147s] ACCEPT Linoone (Colorless)         46.1 ->  47.5  (15/24/21)  -1 Psychic Energy +1 Clemont's Qui
[r2 105/117   5170s] ACCEPT Seaking (Colorless)         44.5 ->  50.6  (20/21/19)  swap chain Bewear -> Snorlax
[r2 106/117   5199s] ACCEPT Snorlax (Colorless)         46.0 ->  47.5  (19/21/20)  revert->v0
[r2 107/117   5226s] ACCEPT Miltank (Colorless)         44.8 ->  47.8  (18/23/19)  swap chain Cynthia's Spiritomb -> 
[r2 108/117   5251s] ACCEPT Lycanroc (Colorless)        42.2 ->  45.1  (19/23/18)  swap chain Purugly -> Zangoose
[r2 109/117   5274s] ACCEPT Boltund (Colorless)         45.5 ->  47.6  (18/23/19)  swap chain Tornadus -> Komala
[r2 110/117   5295s] ACCEPT Cinccino (Colorless)        42.3 ->  45.1  (17/23/20)  +1 Larry's Komala / -1 Deoxys
[r2 111/117   5320s] ACCEPT Eon Dragons                 39.2 ->  40.6  (17/26/17)  swap chain Onix -> Iron Valiant
[r2 112/117   5346s] ACCEPT Ember Dragons               34.4 ->  39.0  (16/25/19)  -1 Fire Energy +1 Mist Energy
[r2 113/117   5371s]   ---- Frost Dragons               46.1 ->  47.1  (18/23/19)  
[r2 114/117   5394s] ACCEPT Storm Dragons               45.0 ->  46.1  (18/22/20)  -1 Lightning Energy +1 Mist Energy
[r2 115/117   5420s] ACCEPT Iron Dragons                24.9 ->  39.0  (18/26/16)  -1 Fighting Energy +1 Mist Energy
[r2 116/117   5446s] ACCEPT Dusk Dragons                41.3 ->  43.9  (18/25/17)  -1 Darkness Energy +1 Lana's Aid
[r2 117/117   5471s]   ---- Phantom Dragons             44.7 ->  42.9  (18/24/18)  
=== round 2 done: 84 changes | top Bellibolt 72.78 | median 54.89 | 195 distinct chains ===
[r3   1/117   5517s] ACCEPT Decidueye                   32.4 ->  38.8  (17/25/18)  swap chain Tyrogue -> Miltank
[r3   2/117   5539s] ACCEPT Lurantis                    30.1 ->  32.3  (20/26/14)  swap chain Tornadus -> Virizion
[r3   3/117   5563s] ACCEPT Rillaboom                   45.5 ->  46.7  (17/27/16)  revert->v0
[r3   4/117   5589s]   ---- Beautifly                   46.7 ->  42.9  (17/28/15)  
[r3   5/117   5611s] ACCEPT Vivillon                    24.5 ->  32.8  (19/26/15)  -1 Ultra Ball +1 Grass Energy
[r3   6/117   5632s] ACCEPT Shiftry                     53.9 ->  55.0  (17/27/16)  -1 Grass Energy +1 Spiky Energy
[r3   7/117   5655s] ACCEPT Ludicolo                    42.5 ->  43.6  (17/29/14)  -1 Grass Energy +1 Pokégear 3.0
[r3   8/117   5674s]   ---- Exeggutor                   47.3 ->  45.6  (18/23/19)  
[r3   9/117   5697s]   ---- Breloom                     40.6 ->  40.4  (17/26/17)  
[r3  10/117   5723s] ACCEPT Ninjask                     47.0 ->  52.9  (19/22/19)  -1 Grass Energy +1 Lumiose Galette
[r3  11/117   5749s] ACCEPT Sawsbuck                    33.9 ->  36.5  (19/23/18)  -1 Grass Energy +1 Fennel
[r3  12/117   5774s] ACCEPT Sunflora                    41.3 ->  45.0  (18/25/17)  revert->v0
[r3  13/117   5803s] ACCEPT Ceruledge                   24.2 ->  28.8  (22/22/16)  swap chain Shaymin -> Marnie's Mor
[r3  14/117   5823s] ACCEPT Centiskorch                 44.0 ->  46.1  (19/24/17)  swap chain Drampa -> Ho-Oh
[r3  15/117   5851s] ACCEPT Camerupt                    35.7 ->  38.6  (20/21/19)  -1 Mist Energy +1 Fire Energy
[r3  16/117   5870s]   ---- Darmanitan                  52.0 ->  50.6  (18/24/18)  
[r3  17/117   5891s] ACCEPT Simisear                    43.4 ->  45.4  (17/25/18)  -1 Fire Energy +1 Pokémon Center L
[r3  18/117   5914s]   ---- Team Rocket's Houndoom      65.0 ->  64.5  (16/23/21)  
[r3  19/117   5938s] ACCEPT Talonflame                  35.7 ->  38.5  (17/27/16)  swap chain Kecleon -> Castform Sun
[r3  20/117   5959s] ACCEPT Ninetales                   60.1 ->  64.7  (18/23/19)  revert->v0
[r3  21/117   5983s]   ---- Charmeleon                  55.4 ->  55.3  (18/22/20)  
[r3  22/117   6006s] ACCEPT Ethan's Quilava             54.1 ->  57.3  (18/22/20)  -1 Professor's Research +1 Fire En
[r3  23/117   6031s] ACCEPT Volcarona                   55.2 ->  58.2  (17/24/19)  swap chain Tauros -> Turtonator
[r3  24/117   6055s]   ---- Rapidash                    52.7 ->  53.2  (18/23/19)  
[r3  25/117   6080s] ACCEPT Inteleon                    56.4 ->  61.0  (17/26/17)  -1 Water Energy +1 Hilda
[r3  26/117   6104s] ACCEPT Walrein                     48.1 ->  49.5  (17/27/16)  -1 Water Energy +1 Switch
[r3  27/117   6127s]   ---- Quaquaval                   58.6 ->  58.8  (17/23/20)  
[r3  28/117   6151s] ACCEPT Poliwrath                   53.3 ->  55.6  (17/26/17)  swap chain Eiscue -> Tornadus
[r3  29/117   6173s] ACCEPT Octillery                   35.4 ->  43.8  (21/23/16)  swap chain Onix -> Cetitan
[r3  30/117   6196s] ACCEPT Avalugg                     36.7 ->  39.8  (19/24/17)  swap chain Glastrier -> Bruxish
[r3  31/117   6220s] ACCEPT Iron Bundle                 31.8 ->  33.0  (19/22/19)  swap chain Staryu -> Kecleon
[r3  32/117   6245s] ACCEPT Frosmoth                    50.5 ->  52.8  (15/24/21)  swap chain Barraskewda -> Tauros
[r3  33/117   6267s]   ---- Crawdaunt                   37.0 ->  37.3  (19/23/18)  
[r3  34/117   6291s] ACCEPT Mamoswine                   47.5 ->  50.7  (17/24/19)  -1 Water Energy +1 Spiky Energy
[r3  35/117   6317s] ACCEPT Misty's Starmie             43.1 ->  48.9  (15/24/21)  remove chain Jynx
[r3  36/117   6336s]   ---- Crabominable                38.9 ->  39.8  (18/26/16)  
[r3  37/117   6364s] ACCEPT Electivire                  48.5 ->  52.5  (21/27/12)  -1 Spiky Energy +1 Lightning Energ
[r3  38/117   6386s]   ---- Magnezone                   51.8 ->  51.8  (22/27/11)  
[r3  39/117   6409s] ACCEPT Vikavolt                    66.0 ->  67.2  (17/26/17)  revert->v1
[r3  40/117   6433s]   ---- Eelektross                  65.6 ->  64.1  (17/27/16)  
[r3  41/117   6455s] ACCEPT Alolan Golem                53.4 ->  54.7  (22/26/12)  swap chain Iron Hands -> Tornadus
[r3  42/117   6479s]   ---- Manectric                   46.9 ->  47.8  (16/26/18)  
[r3  43/117   6505s]   ---- Lanturn                     49.7 ->  50.3  (23/22/15)  
[r3  44/117   6526s]   ---- Bellibolt                   62.1 ->  62.6  (18/22/20)  
[r3  45/117   6550s] ACCEPT Kilowattrel                 47.7 ->  49.4  (24/21/15)  -1 Ultra Ball +1 Lightning Energy
[r3  46/117   6572s] ACCEPT Raichu                      57.1 ->  63.1  (20/25/15)  -1 Ultra Ball +1 Lightning Energy
[r3  47/117   6594s] ACCEPT Team Rocket's Ampharos      47.2 ->  49.5  (17/25/18)  swap chain Audino -> Volbeat
[r3  48/117   6617s]   ---- Zeraora                     69.0 ->  68.1  (17/27/16)  
[r3  49/117   6650s] ACCEPT Steven's Claydol            53.7 ->  56.6  (19/23/18)  -1 Psychic Energy +1 Boss's Orders
[r3  50/117   6675s] ACCEPT Grimmsnarl                  42.9 ->  49.2  (17/26/17)  swap chain Volbeat -> Iron Valiant
[r3  51/117   6709s]   ---- Mesprit                     38.2 ->  38.2  (19/23/18)  
[r3  52/117   6731s] ACCEPT Florges                     38.9 ->  46.1  (17/25/18)  -1 Ultra Ball +1 Psychic Energy
[r3  53/117   6760s] ACCEPT Musharna                    43.7 ->  45.2  (22/24/14)  -1 Psychic Energy +1 Urbain
[r3  54/117   6778s] ACCEPT Reuniclus                   47.5 ->  48.6  (16/27/17)  -1 Psychic Energy +1 Drasna
[r3  55/117   6802s] ACCEPT Azumarill                   28.6 ->  33.4  (15/25/20)  swap chain Musharna -> Cresselia
[r3  56/117   6827s] ACCEPT Slurpuff                    47.2 ->  48.5  (15/22/23)  remove chain Larry's Dunsparce
[r3  57/117   6846s]   ---- Drifblim                    47.9 ->  45.3  (15/25/20)  
[r3  58/117   6868s]   ---- Espathra                    45.3 ->  45.2  (19/22/19)  
[r3  59/117   6900s] ACCEPT Iron Valiant                53.8 ->  55.3  (18/22/20)  revert->v0
[r3  60/117   6924s]   ---- Deoxys                      54.8 ->  53.8  (19/22/19)  
[r3  61/117   6944s] ACCEPT Medicham                    39.8 ->  41.6  (21/20/19)  revert->v0
[r3  62/117   6965s] ACCEPT Annihilape                  48.6 ->  56.6  (20/26/14)  revert->v0
[r3  63/117   6988s]   ---- Conkeldurr                  37.3 ->  37.5  (17/29/14)  
[r3  64/117   7009s]   ---- Sawk                        56.7 ->  54.7  (20/23/17)  
[r3  65/117   7032s]   ---- Excadrill                   37.1 ->  35.8  (18/23/19)  
[r3  66/117   7052s]   ---- Toxicroak                   50.6 ->  50.3  (20/23/17)  
[r3  67/117   7071s] ACCEPT Probopass                   50.4 ->  53.6  (18/25/17)  revert->v0
[r3  68/117   7096s]   ---- Solrock                     59.1 ->  59.1  (17/26/17)  
[r3  69/117   7121s] ACCEPT Garganacl                   53.4 ->  59.4  (19/26/15)  revert->v0
[r3  70/117   7144s] ACCEPT Throh                       52.0 ->  54.0  (19/24/17)  revert->v1
[r3  71/117   7165s] ACCEPT Gigalith                    34.9 ->  37.7  (17/25/18)  swap chain Hop's Phantump -> Tyrog
[r3  72/117   7184s] ACCEPT Sandslash                   52.7 ->  53.8  (16/25/19)  -1 Fighting Energy +1 Colress's Te
[r3  73/117   7203s] ACCEPT Crobat                      58.7 ->  59.9  (17/28/15)  -1 Darkness Energy +1 Ogre's Mask
[r3  74/117   7226s] ACCEPT Team Rocket's Nidoqueen     65.8 ->  68.1  (18/26/16)  -1 Boss's Orders +1 Darkness Energ
[r3  75/117   7250s] ACCEPT Krookodile                  52.9 ->  55.7  (17/27/16)  -1 Darkness Energy +1 Lillie's Det
[r3  76/117   7275s] ACCEPT Galarian Obstagoon          54.3 ->  56.1  (17/26/17)  revert->v1
[r3  77/117   7299s]   ---- Lokix                       58.6 ->  58.9  (18/24/18)  
[r3  78/117   7329s] ACCEPT Pangoro                     52.3 ->  63.5  (17/24/19)  revert->v1
[r3  79/117   7353s] ACCEPT Seviper                     37.2 ->  43.1  (19/25/16)  revert->v0
[r3  80/117   7376s]   ---- Marnie's Scrafty            37.7 ->  38.3  (16/26/18)  
[r3  81/117   7401s] ACCEPT Scolipede                   44.8 ->  45.9  (17/28/15)  -1 Darkness Energy +1 Repel
[r3  82/117   7427s]   ---- Liepard                     55.2 ->  55.7  (15/25/20)  
[r3  83/117   7449s]   ---- Eternatus                   65.3 ->  62.0  (20/22/18)  
[r3  84/117   7478s]   ---- Team Rocket's Muk           44.3 ->  42.9  (21/23/16)  
[r3  85/117   7497s] ACCEPT Tinkaton                    51.7 ->  54.0  (17/27/16)  -1 Metal Energy +1 Great Haul Net
[r3  86/117   7519s] ACCEPT Escavalier                  52.6 ->  53.6  (20/30/10)  -1 Metal Energy +1 Night Stretcher
[r3  87/117   7544s] ACCEPT Metagross                   61.2 ->  63.8  (16/25/19)  revert->v1
[r3  88/117   7564s] ACCEPT Hop's Corviknight           53.4 ->  54.8  (17/27/16)  -1 Metal Energy +1 Lillie's Determ
[r3  89/117   7583s] ACCEPT Aegislash                   31.6 ->  33.3  (20/27/13)  revert->v1
[r3  90/117   7603s] ACCEPT Aggron                      38.1 ->  40.4  (17/26/17)  swap chain Komala -> Registeel
[r3  91/117   7627s] ACCEPT N's Klinklang               55.7 ->  59.6  (17/24/19)  -1 Metal Energy +1 Lacey
[r3  92/117   7650s]   ---- Bisharp                     45.5 ->  44.6  (19/23/18)  
[r3  93/117   7668s]   ---- Iron Treads                 64.8 ->  60.7  (16/27/17)  
[r3  94/117   7692s] ACCEPT Copperajah                  45.0 ->  46.4  (19/23/18)  swap chain Miltank -> Shellos
[r3  95/117   7711s] ACCEPT Archaludon                  52.8 ->  54.1  (21/24/15)  swap chain Miltank -> Copperajah
[r3  96/117   7735s] ACCEPT Forretress                  48.9 ->  51.2  (15/27/18)  -1 Metal Energy +1 Boomerang Energ
[r3  97/117   7756s] ACCEPT Diggersby (Colorless)       44.7 ->  46.4  (19/23/18)  -1 Psychic Energy +1 Dusk Ball
[r3  98/117   7780s] ACCEPT Alolan Dugtrio (Colorless)  39.3 ->  42.1  (17/23/20)  add chain Falinks
[r3  99/117   7806s]   ---- Hop's Cramorant (Colorless  49.9 ->  46.7  (17/23/20)  
[r3 100/117   7827s] ACCEPT Unfezant (Colorless)        32.7 ->  39.7  (17/27/16)  swap chain Tornadus -> Drampa
[r3 101/117   7851s] ACCEPT Team Rocket's Raticate (Co  30.5 ->  34.5  (16/25/19)  -1 Psychic Energy +1 Mist Energy
[r3 102/117   7876s] ACCEPT Fan Rotom (Colorless)       31.8 ->  39.7  (16/23/21)  remove chain Tropius
[r3 103/117   7901s] ACCEPT Watchog (Colorless)         39.9 ->  44.0  (18/23/19)  swap chain Iron Valiant -> Onix
[r3 104/117   7925s] ACCEPT Linoone (Colorless)         43.1 ->  47.5  (15/23/22)  revert->v1
[r3 105/117   7950s]   ---- Seaking (Colorless)         47.2 ->  47.5  (20/21/19)  
[r3 106/117   7978s] ACCEPT Snorlax (Colorless)         49.5 ->  51.1  (19/22/19)  -1 Psychic Energy +1 Buddy-Buddy P
[r3 107/117   8007s]   ---- Miltank (Colorless)         44.0 ->  44.3  (18/23/19)  
[r3 108/117   8033s] ACCEPT Lycanroc (Colorless)        40.5 ->  43.7  (19/23/18)  revert->v0
[r3 109/117   8058s] ACCEPT Boltund (Colorless)         44.1 ->  45.2  (18/24/18)  -1 Psychic Energy +1 Brock's Scout
[r3 110/117   8080s] ACCEPT Cinccino (Colorless)        45.4 ->  46.9  (17/23/20)  revert->v0
[r3 111/117   8104s] ACCEPT Eon Dragons                 41.0 ->  44.2  (17/27/16)  -1 Psychic Energy +1 Crispin
[r3 112/117   8130s] ACCEPT Ember Dragons               35.3 ->  39.4  (16/25/19)  swap chain Tornadus -> Iron Juguli
[r3 113/117   8156s] ACCEPT Frost Dragons               51.3 ->  54.4  (18/23/19)  swap chain Tornadus -> Registeel
[r3 114/117   8179s]   ---- Storm Dragons               45.5 ->  44.5  (18/22/20)  
[r3 115/117   8204s]   ---- Iron Dragons                40.4 ->  38.7  (18/26/16)  
[r3 116/117   8231s]   ---- Dusk Dragons                46.6 ->  43.7  (18/25/17)  
[r3 117/117   8256s] ACCEPT Phantom Dragons             41.5 ->  43.5  (18/25/17)  -1 Psychic Energy +1 Waitress
=== round 3 done: 79 changes | top Team Rocket's Nidoqueen 75.29 | median 54.6 | 190 distinct chains ===
[r4   1/117   8305s]   ---- Decidueye                   38.8 ->  37.2  (17/25/18)  
[r4   2/117   8327s] ACCEPT Lurantis                    30.5 ->  33.1  (20/27/13)  -1 Grass Energy +1 Lillie's Determ
[r4   3/117   8351s] ACCEPT Rillaboom                   41.3 ->  49.3  (17/26/17)  -1 Ultra Ball +1 Grass Energy
[r4   4/117   8376s]   ---- Beautifly                   42.5 ->  41.0  (17/28/15)  
[r4   5/117   8399s]   ---- Vivillon                    31.4 ->  30.6  (19/26/15)  
[r4   6/117   8420s] ACCEPT Shiftry                     52.7 ->  55.3  (17/27/16)  revert->v0
[r4   7/117   8443s] ACCEPT Ludicolo                    41.1 ->  43.4  (17/28/15)  revert->v2
[r4   8/117   8462s]   ---- Exeggutor                   46.1 ->  42.5  (18/23/19)  
[r4   9/117   8485s] ACCEPT Breloom                     38.5 ->  40.2  (17/27/16)  -1 Grass Energy +1 Pokémon Center 
[r4  10/117   8511s] ACCEPT Ninjask                     48.9 ->  50.7  (19/21/20)  -1 Professor's Research +1 Grass E
[r4  11/117   8537s] ACCEPT Sawsbuck                    32.2 ->  34.8  (19/22/19)  revert->v2
[r4  12/117   8561s]   ---- Sunflora                    47.6 ->  47.0  (18/25/17)  
[r4  13/117   8587s] ACCEPT Ceruledge                   26.7 ->  31.0  (22/23/15)  -1 Fire Energy +1 Energy Retrieval
[r4  14/117   8608s]   ---- Centiskorch                 44.3 ->  44.0  (19/24/17)  
[r4  15/117   8636s] ACCEPT Camerupt                    38.0 ->  43.9  (20/20/20)  -1 Professor's Research +1 Fire En
[r4  16/117   8654s] ACCEPT Darmanitan                  49.4 ->  51.0  (18/24/18)  swap chain Volcanion -> Ho-Oh
[r4  17/117   8675s]   ---- Simisear                    47.3 ->  44.1  (17/25/18)  
[r4  18/117   8698s] ACCEPT Team Rocket's Houndoom      59.2 ->  63.0  (16/24/20)  -1 Fire Energy +1 Night Stretcher
[r4  19/117   8720s] ACCEPT Talonflame                  33.1 ->  37.3  (17/27/16)  swap chain Castform Sunny Form -> 
[r4  20/117   8740s]   ---- Ninetales                   64.4 ->  61.5  (18/23/19)  
[r4  21/117   8763s] ACCEPT Charmeleon                  52.2 ->  54.0  (18/22/20)  swap chain Turtonator -> Tauros
[r4  22/117   8786s] ACCEPT Ethan's Quilava             50.0 ->  56.2  (18/23/19)  -1 Fire Energy +1 Team Rocket's Ar
[r4  23/117   8812s]   ---- Volcarona                   59.9 ->  55.2  (17/24/19)  
[r4  24/117   8836s] ACCEPT Rapidash                    52.7 ->  55.3  (18/24/18)  -1 Fire Energy +1 Night Stretcher
[r4  25/117   8861s]   ---- Inteleon                    63.0 ->  61.0  (17/26/17)  
[r4  26/117   8886s] ACCEPT Walrein                     46.5 ->  47.7  (17/26/17)  revert->v2
[r4  27/117   8909s] ACCEPT Quaquaval                   53.9 ->  58.2  (17/23/20)  revert->v0
[r4  28/117   8932s] ACCEPT Poliwrath                   52.7 ->  55.9  (17/27/16)  -1 Water Energy +1 Cheren
[r4  29/117   8953s]   ---- Octillery                   43.2 ->  44.2  (21/23/16)  
[r4  30/117   8977s] ACCEPT Avalugg                     35.0 ->  36.7  (19/24/17)  -1 Water Energy +1 Prism Energy
[r4  31/117   9004s] ACCEPT Iron Bundle                 31.0 ->  35.4  (19/22/19)  swap chain Bruxish -> Cubchoo
[r4  32/117   9030s] ACCEPT Frosmoth                    50.2 ->  55.7  (15/25/20)  -1 Water Energy +1 Lillie's Determ
[r4  33/117   9052s] ACCEPT Crawdaunt                   33.6 ->  34.7  (19/23/18)  -1 Water Energy +1 Mist Energy
[r4  34/117   9076s] ACCEPT Mamoswine                   47.0 ->  50.3  (20/24/16)  swap chain Furfrou -> Braviary
[r4  35/117   9100s] ACCEPT Misty's Starmie             49.4 ->  52.3  (15/25/20)  -1 Water Energy +1 Professor Turo'
[r4  36/117   9120s] ACCEPT Crabominable                37.2 ->  38.3  (18/26/16)  -1 Water Energy +1 Prism Energy
[r4  37/117   9147s] ACCEPT Electivire                  48.3 ->  50.3  (21/27/12)  revert->v0
[r4  38/117   9170s] ACCEPT Magnezone                   44.9 ->  53.0  (22/27/11)  swap chain Zeraora -> Miraidon
[r4  39/117   9192s]   ---- Vikavolt                    70.7 ->  68.4  (17/26/17)  
[r4  40/117   9216s] ACCEPT Eelektross                  64.8 ->  68.1  (17/27/16)  swap chain Falinks -> Stunfisk
[r4  41/117   9237s] ACCEPT Alolan Golem                50.0 ->  51.2  (22/26/12)  revert->v1
[r4  42/117   9261s] ACCEPT Manectric                   48.6 ->  51.4  (16/25/19)  -1 Professor's Research +1 Lightni
[r4  43/117   9287s] ACCEPT Lanturn                     49.2 ->  50.4  (23/23/14)  -1 Lightning Energy +1 Xerosic's M
[r4  44/117   9307s]   ---- Bellibolt                   63.4 ->  62.5  (18/22/20)  
[r4  45/117   9332s] ACCEPT Kilowattrel                 49.5 ->  51.3  (24/21/15)  -1 Lightning Energy +1 Mist Energy
[r4  46/117   9354s]   ---- Raichu                      65.0 ->  63.3  (20/25/15)  
[r4  47/117   9375s] ACCEPT Team Rocket's Ampharos      49.4 ->  50.8  (17/26/17)  -1 Lightning Energy +1 Poké Ball
[r4  48/117   9398s]   ---- Zeraora                     66.7 ->  65.4  (17/27/16)  
[r4  49/117   9432s] ACCEPT Steven's Claydol            49.5 ->  56.4  (19/24/17)  -1 Psychic Energy +1 Crushing Hamm
[r4  50/117   9456s] ACCEPT Grimmsnarl                  52.0 ->  54.0  (17/27/16)  -1 Psychic Energy +1 Night Stretch
[r4  51/117   9490s]   ---- Mesprit                     37.0 ->  37.6  (19/23/18)  
[r4  52/117   9512s] ACCEPT Florges                     49.6 ->  50.8  (17/26/17)  -1 Psychic Energy +1 Team Rocket's
[r4  53/117   9541s] ACCEPT Musharna                    43.9 ->  46.7  (22/24/14)  -1 Psychic Energy +1 Spiky Energy
[r4  54/117   9560s] ACCEPT Reuniclus                   45.2 ->  46.6  (16/28/16)  -1 Psychic Energy +1 Lucky Helmet
[r4  55/117   9582s] ACCEPT Azumarill                   30.5 ->  34.6  (18/25/17)  revert->v2
[r4  56/117   9606s] ACCEPT Slurpuff                    46.6 ->  52.9  (15/23/22)  -1 Psychic Energy +1 Energy Swatte
[r4  57/117   9626s]   ---- Drifblim                    42.7 ->  42.5  (15/25/20)  
[r4  58/117   9648s]   ---- Espathra                    47.0 ->  48.0  (19/22/19)  
[r4  59/117   9678s]   ---- Iron Valiant                54.8 ->  55.3  (18/22/20)  
[r4  60/117   9702s]   ---- Deoxys                      54.4 ->  55.2  (19/22/19)  
[r4  61/117   9722s] ACCEPT Medicham                    37.6 ->  41.5  (21/21/18)  -1 Fighting Energy +1 Cook
[r4  62/117   9742s]   ---- Annihilape                  58.1 ->  52.3  (20/26/14)  
[r4  63/117   9765s] ACCEPT Conkeldurr                  36.4 ->  38.9  (17/29/14)  swap chain Sandy Shocks -> Diancie
[r4  64/117   9786s]   ---- Sawk                        59.1 ->  54.5  (20/23/17)  
[r4  65/117   9810s] ACCEPT Excadrill                   35.3 ->  42.3  (18/22/20)  -1 Professor's Research +1 Fightin
[r4  66/117   9830s] ACCEPT Toxicroak                   47.8 ->  51.0  (20/23/17)  swap chain Hawlucha -> Sudowoodo
[r4  67/117   9850s] ACCEPT Probopass                   54.1 ->  55.3  (18/26/16)  -1 Fighting Energy +1 Night Stretc
[r4  68/117   9874s] ACCEPT Solrock                     57.0 ->  58.1  (17/27/16)  -1 Fighting Energy +1 Waitress
[r4  69/117   9898s] ACCEPT Garganacl                   55.0 ->  62.2  (19/25/16)  -1 Poké Ball +1 Fighting Energy
[r4  70/117   9921s] ACCEPT Throh                       51.1 ->  52.8  (19/24/17)  swap chain Paldean Tauros -> Carbi
[r4  71/117   9940s] ACCEPT Gigalith                    40.0 ->  43.8  (17/26/17)  -1 Fighting Energy +1 Boxed Order
[r4  72/117   9960s] ACCEPT Sandslash                   55.1 ->  57.5  (16/24/20)  revert->v2
[r4  73/117   9980s] ACCEPT Crobat                      62.6 ->  64.9  (17/27/16)  revert->v2
[r4  74/117  10003s] ACCEPT Team Rocket's Nidoqueen     69.6 ->  70.8  (18/26/16)  swap chain Qwilfish -> Brute Bonne
[r4  75/117  10028s] ACCEPT Krookodile                  52.6 ->  55.2  (17/26/17)  revert->v1
[r4  76/117  10054s] ACCEPT Galarian Obstagoon          58.6 ->  60.9  (17/27/16)  -1 Darkness Energy +1 Lillie's Det
[r4  77/117  10078s]   ---- Lokix                       60.3 ->  60.3  (18/24/18)  
[r4  78/117  10109s]   ---- Pangoro                     61.2 ->  62.1  (17/24/19)  
[r4  79/117  10137s] ACCEPT Seviper                     40.1 ->  45.3  (15/25/20)  remove chain Qwilfish
[r4  80/117  10160s] ACCEPT Marnie's Scrafty            37.8 ->  41.3  (16/24/20)  revert->v0
[r4  81/117  10186s] ACCEPT Scolipede                   43.3 ->  45.9  (17/29/14)  -1 Darkness Energy +1 Poké Ball
[r4  82/117  10212s] ACCEPT Liepard                     57.9 ->  62.4  (15/26/19)  -1 Darkness Energy +1 Punk Helmet
[r4  83/117  10235s]   ---- Eternatus                   63.3 ->  61.1  (20/22/18)  
[r4  84/117  10264s] ACCEPT Team Rocket's Muk           49.1 ->  50.2  (21/23/16)  swap chain Komala -> Tauros
[r4  85/117  10284s] ACCEPT Tinkaton                    53.0 ->  54.7  (17/26/17)  revert->v2
[r4  86/117  10306s] ACCEPT Escavalier                  47.8 ->  53.4  (20/29/11)  -1 Poké Ball +1 Metal Energy
[r4  87/117  10329s] ACCEPT Metagross                   62.9 ->  64.3  (16/26/18)  -1 Metal Energy +1 Brock's Scoutin
[r4  88/117  10350s] ACCEPT Hop's Corviknight           54.7 ->  58.1  (17/26/17)  revert->v1
[r4  89/117  10368s] ACCEPT Aegislash                   28.3 ->  30.0  (20/28/12)  -1 Metal Energy +1 Dawn
[r4  90/117  10389s] ACCEPT Aggron                      38.0 ->  39.2  (17/26/17)  swap chain Registeel -> Komala
[r4  91/117  10414s] ACCEPT N's Klinklang               55.0 ->  57.7  (17/23/20)  -1 Professor's Research +1 Metal E
[r4  92/117  10436s]   ---- Bisharp                     41.7 ->  42.0  (19/23/18)  
[r4  93/117  10455s] ACCEPT Iron Treads                 61.2 ->  63.8  (16/28/16)  -1 Metal Energy +1 Bianca's Devoti
[r4  94/117  10479s] ACCEPT Copperajah                  44.6 ->  47.9  (18/24/18)  revert->v0
[r4  95/117  10499s] ACCEPT Archaludon                  53.7 ->  57.5  (21/25/14)  -1 Metal Energy +1 Philippe
[r4  96/117  10523s]   ---- Forretress                  45.8 ->  46.6  (15/27/18)  
[r4  97/117  10544s] ACCEPT Diggersby (Colorless)       44.6 ->  46.5  (19/23/18)  swap chain Miltank -> Xerneas
[r4  98/117  10570s]   ---- Alolan Dugtrio (Colorless)  44.4 ->  41.2  (17/23/20)  
[r4  99/117  10596s]   ---- Hop's Cramorant (Colorless  45.8 ->  45.5  (17/23/20)  
[r4 100/117  10619s] ACCEPT Unfezant (Colorless)        38.3 ->  41.4  (17/26/17)  -1 Boss's Orders +1 Psychic Energy
[r4 101/117  10642s] ACCEPT Team Rocket's Raticate (Co  29.5 ->  31.8  (16/26/18)  -1 Psychic Energy +1 Bianca's Devo
[r4 102/117  10667s] ACCEPT Fan Rotom (Colorless)       38.7 ->  43.6  (16/23/21)  -1 Psychic Energy +1 Spiky Energy
[r4 103/117  10692s] ACCEPT Watchog (Colorless)         39.6 ->  46.2  (18/24/18)  -1 Psychic Energy +1 Kofu
[r4 104/117  10716s] ACCEPT Linoone (Colorless)         47.7 ->  50.7  (15/24/21)  -1 Psychic Energy +1 Waitress
[r4 105/117  10741s] ACCEPT Seaking (Colorless)         46.3 ->  47.4  (20/21/19)  -1 Spiky Energy +1 Psychic Energy
[r4 106/117  10768s] ACCEPT Snorlax (Colorless)         51.3 ->  56.9  (19/21/20)  -1 Boss's Orders +1 Psychic Energy
[r4 107/117  10798s]   ---- Miltank (Colorless)         43.7 ->  44.0  (18/23/19)  
[r4 108/117  10823s] ACCEPT Lycanroc (Colorless)        39.9 ->  46.9  (18/23/19)  swap chain Purugly -> Deoxys
[r4 109/117  10848s] ACCEPT Boltund (Colorless)         44.6 ->  46.4  (18/25/17)  -1 Psychic Energy +1 Team Rocket's
[r4 110/117  10870s]   ---- Cinccino (Colorless)        44.3 ->  44.6  (17/23/20)  
[r4 111/117  10894s] ACCEPT Eon Dragons                 39.5 ->  47.1  (17/27/16)  swap chain Tauros -> Miltank
[r4 112/117  10921s] ACCEPT Ember Dragons               41.7 ->  48.1  (16/24/20)  -1 Professor's Research +1 Water E
[r4 113/117  10946s]   ---- Frost Dragons               57.8 ->  54.6  (18/23/19)  
[r4 114/117  10970s] ACCEPT Storm Dragons               40.8 ->  45.1  (18/22/20)  revert->v1
[r4 115/117  10995s]   ---- Iron Dragons                38.7 ->  39.0  (18/26/16)  
[r4 116/117  11021s]   ---- Dusk Dragons                46.2 ->  46.4  (18/25/17)  
[r4 117/117  11047s] ACCEPT Phantom Dragons             40.6 ->  50.1  (18/24/18)  -1 Professor's Research +1 Fire En
=== round 4 done: 83 changes | top Metagross 75.0 | median 55.46 | 192 distinct chains ===
[r5   1/117  11097s] ACCEPT Decidueye                   36.7 ->  42.6  (17/25/18)  swap chain Virizion -> Iron Juguli
[r5   2/117  11119s] ACCEPT Lurantis                    34.3 ->  37.8  (20/27/13)  -1 Grass Energy +1 Prism Energy
[r5   3/117  11143s]   ---- Rillaboom                   51.2 ->  48.9  (17/26/17)  
[r5   4/117  11168s] ACCEPT Beautifly                   40.6 ->  42.0  (17/28/15)  swap chain Tornadus -> Iron Juguli
[r5   5/117  11190s]   ---- Vivillon                    27.7 ->  28.6  (19/26/15)  
[r5   6/117  11211s] ACCEPT Shiftry                     54.1 ->  56.1  (17/28/15)  -1 Grass Energy +1 Cheren
[r5   7/117  11234s] ACCEPT Ludicolo                    39.1 ->  40.9  (17/28/15)  -1 Grass Energy +1 Mist Energy
[r5   8/117  11253s]   ---- Exeggutor                   42.9 ->  42.6  (18/23/19)  
[r5   9/117  11275s] ACCEPT Breloom                     38.0 ->  40.3  (17/27/16)  swap chain Virizion -> Drampa
[r5  10/117  11301s] ACCEPT Ninjask                     46.4 ->  54.9  (19/22/19)  revert->v2
[r5  11/117  11327s] ACCEPT Sawsbuck                    32.8 ->  35.7  (19/22/19)  swap chain Wailmer -> Regigigas
[r5  12/117  11351s] ACCEPT Sunflora                    45.5 ->  47.6  (18/24/18)  -1 Ultra Ball +1 Grass Energy
[r5  13/117  11378s] ACCEPT Ceruledge                   22.6 ->  33.0  (22/22/16)  -1 Professor's Research +1 Fire En
[r5  14/117  11398s] ACCEPT Centiskorch                 46.1 ->  50.1  (19/23/18)  -1 Boss's Orders +1 Fire Energy
[r5  15/117  11425s]   ---- Camerupt                    45.9 ->  45.2  (20/20/20)  
[r5  16/117  11443s]   ---- Darmanitan                  51.5 ->  50.1  (18/24/18)  
[r5  17/117  11464s]   ---- Simisear                    42.3 ->  41.4  (17/25/18)  
[r5  18/117  11488s] ACCEPT Team Rocket's Houndoom      63.3 ->  65.0  (16/25/19)  -1 Fire Energy +1 Amarys
[r5  19/117  11511s] ACCEPT Talonflame                  32.1 ->  39.6  (17/27/16)  revert->v0
[r5  20/117  11531s]   ---- Ninetales                   63.8 ->  61.3  (18/23/19)  
[r5  21/117  11553s]   ---- Charmeleon                  53.0 ->  53.7  (18/22/20)  
[r5  22/117  11577s] ACCEPT Ethan's Quilava             52.8 ->  54.6  (18/22/20)  -1 Ultra Ball +1 Fire Energy
[r5  23/117  11604s]   ---- Volcarona                   57.0 ->  53.9  (17/24/19)  
[r5  24/117  11629s] ACCEPT Rapidash                    51.0 ->  54.2  (18/25/17)  -1 Fire Energy +1 Briar
[r5  25/117  11654s] ACCEPT Inteleon                    58.3 ->  60.9  (17/25/18)  -1 Ultra Ball +1 Water Energy
[r5  26/117  11679s] ACCEPT Walrein                     48.7 ->  52.2  (17/27/16)  -1 Water Energy +1 Sacred Ash
[r5  27/117  11700s] ACCEPT Quaquaval                   59.2 ->  60.9  (17/23/20)  -1 Water Energy +1 Spiky Energy
[r5  28/117  11724s] ACCEPT Poliwrath                   51.5 ->  52.7  (17/28/15)  -1 Water Energy +1 Wally's Compass
[r5  29/117  11745s] ACCEPT Octillery                   36.8 ->  39.9  (18/23/19)  swap chain Braviary -> Wailmer
[r5  30/117  11770s] ACCEPT Avalugg                     36.6 ->  38.2  (19/24/17)  swap chain Bruxish -> Glastrier
[r5  31/117  11796s] ACCEPT Iron Bundle                 31.9 ->  44.6  (19/21/20)  -1 Professor's Research +1 Water E
[r5  32/117  11823s] ACCEPT Frosmoth                    51.1 ->  55.5  (15/25/20)  swap chain Tauros -> Eiscue
[r5  33/117  11845s] ACCEPT Crawdaunt                   31.0 ->  37.3  (19/23/18)  swap chain Tropius -> Lapras
[r5  34/117  11868s] ACCEPT Mamoswine                   48.1 ->  51.4  (17/24/19)  swap chain Braviary -> Tornadus
[r5  35/117  11893s] ACCEPT Misty's Starmie             47.8 ->  49.7  (15/26/19)  -1 Water Energy +1 Night Stretcher
[r5  36/117  11913s] ACCEPT Crabominable                34.3 ->  37.5  (18/27/15)  -1 Water Energy +1 Super Potion
[r5  37/117  11940s] ACCEPT Electivire                  50.1 ->  52.1  (21/26/13)  -1 Cheren +1 Lightning Energy
[r5  38/117  11962s]   ---- Magnezone                   48.4 ->  48.3  (22/27/11)  
[r5  39/117  11984s]   ---- Vikavolt                    69.6 ->  69.4  (17/26/17)  
[r5  40/117  12008s] ACCEPT Eelektross                  62.6 ->  64.0  (17/26/17)  -1 Ultra Ball +1 Lightning Energy
[r5  41/117  12031s]   ---- Alolan Golem                52.3 ->  52.7  (22/26/12)  
[r5  42/117  12055s]   ---- Manectric                   51.1 ->  49.1  (16/25/19)  
[r5  43/117  12081s] ACCEPT Lanturn                     48.1 ->  50.7  (23/22/15)  -1 Ultra Ball +1 Lightning Energy
[r5  44/117  12103s] ACCEPT Bellibolt                   60.9 ->  62.3  (18/22/20)  swap chain Komala -> Tornadus
[r5  45/117  12127s] ACCEPT Kilowattrel                 51.5 ->  53.0  (24/21/15)  swap chain Iron Hands -> Onix
[r5  46/117  12149s]   ---- Raichu                      67.1 ->  65.0  (20/25/15)  
[r5  47/117  12171s] ACCEPT Team Rocket's Ampharos      49.6 ->  52.2  (17/27/16)  -1 Lightning Energy +1 Cheren
[r5  48/117  12194s]   ---- Zeraora                     67.9 ->  65.8  (17/27/16)  
[r5  49/117  12230s]   ---- Steven's Claydol            57.2 ->  54.9  (19/24/17)  
[r5  50/117  12254s] ACCEPT Grimmsnarl                  46.2 ->  49.4  (17/28/15)  -1 Psychic Energy +1 Team Rocket's
[r5  51/117  12287s] ACCEPT Mesprit                     32.7 ->  35.8  (19/24/17)  -1 Psychic Energy +1 Team Rocket's
[r5  52/117  12309s] ACCEPT Florges                     46.7 ->  48.2  (17/25/18)  revert->v2
[r5  53/117  12339s] ACCEPT Musharna                    45.6 ->  47.1  (19/23/18)  revert->v0
[r5  54/117  12358s]   ---- Reuniclus                   48.3 ->  46.3  (16/28/16)  
[r5  55/117  12382s] ACCEPT Azumarill                   29.7 ->  34.6  (18/24/18)  -1 Poké Ball +1 Psychic Energy
[r5  56/117  12408s]   ---- Slurpuff                    47.9 ->  47.2  (15/23/22)  
[r5  57/117  12427s] ACCEPT Drifblim                    43.3 ->  45.5  (15/26/19)  -1 Psychic Energy +1 Brock's Scout
[r5  58/117  12449s] ACCEPT Espathra                    42.3 ->  48.1  (19/22/19)  revert->v0
[r5  59/117  12479s] ACCEPT Iron Valiant                49.0 ->  51.2  (18/23/19)  -1 Psychic Energy +1 Buddy-Buddy P
[r5  60/117  12503s]   ---- Deoxys                      52.5 ->  53.0  (19/22/19)  
[r5  61/117  12523s]   ---- Medicham                    41.5 ->  40.4  (21/21/18)  
[r5  62/117  12544s]   ---- Annihilape                  52.1 ->  52.1  (20/26/14)  
[r5  63/117  12566s] ACCEPT Conkeldurr                  34.0 ->  39.4  (17/29/14)  revert->v0
[r5  64/117  12588s] ACCEPT Sawk                        51.6 ->  55.5  (16/23/21)  remove chain Ethan's Pichu
[r5  65/117  12611s] ACCEPT Excadrill                   36.9 ->  38.7  (21/22/17)  swap chain Komala -> Lycanroc
[r5  66/117  12631s] ACCEPT Toxicroak                   49.7 ->  50.8  (20/23/17)  swap chain Sudowoodo -> Onix
[r5  67/117  12651s]   ---- Probopass                   51.0 ->  50.7  (18/26/16)  
[r5  68/117  12675s] ACCEPT Solrock                     55.2 ->  57.1  (17/27/16)  swap chain Sawk -> Drampa
[r5  69/117  12698s]   ---- Garganacl                   63.3 ->  63.0  (19/25/16)  
[r5  70/117  12722s] ACCEPT Throh                       46.7 ->  50.5  (19/24/17)  swap chain Carbink -> Cornerstone 
[r5  71/117  12742s]   ---- Gigalith                    41.2 ->  41.2  (17/26/17)  
[r5  72/117  12762s] ACCEPT Sandslash                   55.5 ->  57.2  (16/25/19)  -1 Fighting Energy +1 Tarragon
[r5  73/117  12781s]   ---- Crobat                      59.8 ->  60.0  (17/27/16)  
[r5  74/117  12802s] ACCEPT Team Rocket's Nidoqueen     68.7 ->  69.7  (18/26/16)  revert->v3
[r5  75/117  12828s] ACCEPT Krookodile                  51.5 ->  52.7  (17/26/17)  swap chain Hop's Cramorant -> Brut
[r5  76/117  12854s] ACCEPT Galarian Obstagoon          55.5 ->  60.7  (17/26/17)  -1 Poké Ball +1 Darkness Energy
[r5  77/117  12878s]   ---- Lokix                       56.9 ->  57.4  (18/24/18)  
[r5  78/117  12910s]   ---- Pangoro                     61.2 ->  58.1  (17/24/19)  
[r5  79/117  12933s] ACCEPT Seviper                     48.5 ->  49.9  (17/25/18)  swap chain Arbok -> Krookodile
[r5  80/117  12956s] ACCEPT Marnie's Scrafty            35.1 ->  37.6  (16/25/19)  -1 Darkness Energy +1 Tarragon
[r5  81/117  12983s] ACCEPT Scolipede                   38.5 ->  45.4  (17/26/17)  revert->v0
[r5  82/117  13009s] ACCEPT Liepard                     57.6 ->  60.4  (15/27/18)  -1 Darkness Energy +1 Drayton
[r5  83/117  13032s]   ---- Eternatus                   64.6 ->  60.8  (20/22/18)  
[r5  84/117  13062s] ACCEPT Team Rocket's Muk           50.4 ->  52.1  (22/23/15)  swap chain Larry's Komala -> Qwilf
[r5  85/117  13081s] ACCEPT Tinkaton                    54.9 ->  56.3  (17/27/16)  -1 Metal Energy +1 Cheren
[r5  86/117  13103s] ACCEPT Escavalier                  51.3 ->  52.7  (20/29/11)  swap chain Registeel -> Klefki
[r5  87/117  13128s]   ---- Metagross                   62.0 ->  62.9  (16/26/18)  
[r5  88/117  13149s] ACCEPT Hop's Corviknight           52.8 ->  58.3  (17/25/18)  -1 Ultra Ball +1 Metal Energy
[r5  89/117  13168s] ACCEPT Aegislash                   31.6 ->  37.6  (20/28/12)  -1 Metal Energy +1 Spiky Energy
[r5  90/117  13189s] ACCEPT Aggron                      35.2 ->  36.3  (17/26/17)  revert->v0
[r5  91/117  13214s]   ---- N's Klinklang               57.2 ->  55.7  (17/23/20)  
[r5  92/117  13236s] ACCEPT Bisharp                     42.0 ->  43.0  (19/23/18)  swap chain Tyrogue -> Iron Treads
[r5  93/117  13255s] ACCEPT Iron Treads                 59.2 ->  61.2  (16/29/15)  -1 Metal Energy +1 Buddy-Buddy Pof
[r5  94/117  13279s] ACCEPT Copperajah                  44.0 ->  46.6  (19/24/17)  revert->v1
[r5  95/117  13299s] ACCEPT Archaludon                  51.7 ->  56.3  (21/26/13)  -1 Metal Energy +1 Cheren
[r5  96/117  13324s]   ---- Forretress                  47.1 ->  46.7  (15/27/18)  
[r5  97/117  13346s] ACCEPT Diggersby (Colorless)       43.6 ->  47.6  (19/23/18)  swap chain Iron Valiant -> Miltank
[r5  98/117  13372s] ACCEPT Alolan Dugtrio (Colorless)  38.7 ->  42.1  (17/24/19)  -1 Psychic Energy +1 Crispin
[r5  99/117  13398s]   ---- Hop's Cramorant (Colorless  44.9 ->  40.6  (17/23/20)  
[r5 100/117  13420s]   ---- Unfezant (Colorless)        41.0 ->  38.1  (17/26/17)  
[r5 101/117  13444s] ACCEPT Team Rocket's Raticate (Co  30.7 ->  35.9  (16/26/18)  swap chain Snorlax -> Tornadus
[r5 102/117  13469s] ACCEPT Fan Rotom (Colorless)       37.6 ->  39.1  (16/24/20)  -1 Psychic Energy +1 Drasna
[r5 103/117  13494s]   ---- Watchog (Colorless)         42.9 ->  43.2  (18/24/18)  
[r5 104/117  13519s]   ---- Linoone (Colorless)         52.0 ->  51.4  (15/24/21)  
[r5 105/117  13544s] ACCEPT Seaking (Colorless)         48.2 ->  50.5  (20/21/19)  revert->v1
[r5 106/117  13572s]   ---- Snorlax (Colorless)         52.1 ->  50.9  (19/21/20)  
[r5 107/117  13602s] ACCEPT Miltank (Colorless)         41.0 ->  45.1  (18/22/20)  -1 Ultra Ball +1 Psychic Energy
[r5 108/117  13624s]   ---- Lycanroc (Colorless)        48.4 ->  44.7  (18/23/19)  
[r5 109/117  13650s] ACCEPT Boltund (Colorless)         43.5 ->  44.9  (18/23/19)  revert->v2
[r5 110/117  13672s] ACCEPT Cinccino (Colorless)        43.3 ->  44.7  (17/24/19)  -1 Psychic Energy +1 Energy Retrie
[r5 111/117  13698s]   ---- Eon Dragons                 45.6 ->  45.3  (17/27/16)  
[r5 112/117  13726s]   ---- Ember Dragons               47.5 ->  46.0  (16/24/20)  
[r5 113/117  13752s] ACCEPT Frost Dragons               51.9 ->  53.3  (18/24/18)  -1 Metal Energy +1 Cheren
[r5 114/117  13776s] ACCEPT Storm Dragons               42.0 ->  44.6  (21/22/17)  swap chain Eiscue -> Cetitan
[r5 115/117  13801s] ACCEPT Iron Dragons                38.6 ->  40.0  (18/26/16)  +1 Stonjourner / -1 Fraxure
[r5 116/117  13828s] ACCEPT Dusk Dragons                42.9 ->  44.9  (18/25/17)  swap chain Qwilfish -> Snorlax
[r5 117/117  13854s] ACCEPT Phantom Dragons             49.6 ->  51.3  (18/25/17)  -1 Psychic Energy +1 Billy & O'Nar
=== round 5 done: 78 changes | top Team Rocket's Nidoqueen 71.26 | median 54.31 | 186 distinct chains ===
=== ALL ROUNDS COMPLETE ===
